running egg_info
creating ../../build/irob_assignment_5/irob_assignment_5.egg-info
writing ../../build/irob_assignment_5/irob_assignment_5.egg-info/PKG-INFO
writing dependency_links to ../../build/irob_assignment_5/irob_assignment_5.egg-info/dependency_links.txt
writing entry points to ../../build/irob_assignment_5/irob_assignment_5.egg-info/entry_points.txt
writing requirements to ../../build/irob_assignment_5/irob_assignment_5.egg-info/requires.txt
writing top-level names to ../../build/irob_assignment_5/irob_assignment_5.egg-info/top_level.txt
writing manifest file '../../build/irob_assignment_5/irob_assignment_5.egg-info/SOURCES.txt'
reading manifest file '../../build/irob_assignment_5/irob_assignment_5.egg-info/SOURCES.txt'
writing manifest file '../../build/irob_assignment_5/irob_assignment_5.egg-info/SOURCES.txt'
running build
running build_py
creating /afs/kth.se/home/t/m/tmatty/ros2_ws/src/KTH_DD2410_Assign5_2025-main/IROB25_mobile_robot_project/assign_5_IROB_pk/build/irob_assignment_5/build
creating /afs/kth.se/home/t/m/tmatty/ros2_ws/src/KTH_DD2410_Assign5_2025-main/IROB25_mobile_robot_project/assign_5_IROB_pk/build/irob_assignment_5/build/lib
creating /afs/kth.se/home/t/m/tmatty/ros2_ws/src/KTH_DD2410_Assign5_2025-main/IROB25_mobile_robot_project/assign_5_IROB_pk/build/irob_assignment_5/build/lib/irob_assignment_5
copying irob_assignment_5/BT_students.py -> /afs/kth.se/home/t/m/tmatty/ros2_ws/src/KTH_DD2410_Assign5_2025-main/IROB25_mobile_robot_project/assign_5_IROB_pk/build/irob_assignment_5/build/lib/irob_assignment_5
copying irob_assignment_5/SM_students.py -> /afs/kth.se/home/t/m/tmatty/ros2_ws/src/KTH_DD2410_Assign5_2025-main/IROB25_mobile_robot_project/assign_5_IROB_pk/build/irob_assignment_5/build/lib/irob_assignment_5
copying irob_assignment_5/__init__.py -> /afs/kth.se/home/t/m/tmatty/ros2_ws/src/KTH_DD2410_Assign5_2025-main/IROB25_mobile_robot_project/assign_5_IROB_pk/build/irob_assignment_5/build/lib/irob_assignment_5
copying irob_assignment_5/activation_server.py -> /afs/kth.se/home/t/m/tmatty/ros2_ws/src/KTH_DD2410_Assign5_2025-main/IROB25_mobile_robot_project/assign_5_IROB_pk/build/irob_assignment_5/build/lib/irob_assignment_5
copying irob_assignment_5/at_goal_server.py -> /afs/kth.se/home/t/m/tmatty/ros2_ws/src/KTH_DD2410_Assign5_2025-main/IROB25_mobile_robot_project/assign_5_IROB_pk/build/irob_assignment_5/build/lib/irob_assignment_5
copying irob_assignment_5/explorer.py -> /afs/kth.se/home/t/m/tmatty/ros2_ws/src/KTH_DD2410_Assign5_2025-main/IROB25_mobile_robot_project/assign_5_IROB_pk/build/irob_assignment_5/build/lib/irob_assignment_5
copying irob_assignment_5/goal_server.py -> /afs/kth.se/home/t/m/tmatty/ros2_ws/src/KTH_DD2410_Assign5_2025-main/IROB25_mobile_robot_project/assign_5_IROB_pk/build/irob_assignment_5/build/lib/irob_assignment_5
running install
running install_lib
creating /afs/kth.se/home/t/m/tmatty/ros2_ws/src/KTH_DD2410_Assign5_2025-main/IROB25_mobile_robot_project/assign_5_IROB_pk/install/irob_assignment_5/lib/python3.8/site-packages/irob_assignment_5
copying /afs/kth.se/home/t/m/tmatty/ros2_ws/src/KTH_DD2410_Assign5_2025-main/IROB25_mobile_robot_project/assign_5_IROB_pk/build/irob_assignment_5/build/lib/irob_assignment_5/BT_students.py -> /afs/kth.se/home/t/m/tmatty/ros2_ws/src/KTH_DD2410_Assign5_2025-main/IROB25_mobile_robot_project/assign_5_IROB_pk/install/irob_assignment_5/lib/python3.8/site-packages/irob_assignment_5
copying /afs/kth.se/home/t/m/tmatty/ros2_ws/src/KTH_DD2410_Assign5_2025-main/IROB25_mobile_robot_project/assign_5_IROB_pk/build/irob_assignment_5/build/lib/irob_assignment_5/SM_students.py -> /afs/kth.se/home/t/m/tmatty/ros2_ws/src/KTH_DD2410_Assign5_2025-main/IROB25_mobile_robot_project/assign_5_IROB_pk/install/irob_assignment_5/lib/python3.8/site-packages/irob_assignment_5
copying /afs/kth.se/home/t/m/tmatty/ros2_ws/src/KTH_DD2410_Assign5_2025-main/IROB25_mobile_robot_project/assign_5_IROB_pk/build/irob_assignment_5/build/lib/irob_assignment_5/__init__.py -> /afs/kth.se/home/t/m/tmatty/ros2_ws/src/KTH_DD2410_Assign5_2025-main/IROB25_mobile_robot_project/assign_5_IROB_pk/install/irob_assignment_5/lib/python3.8/site-packages/irob_assignment_5
copying /afs/kth.se/home/t/m/tmatty/ros2_ws/src/KTH_DD2410_Assign5_2025-main/IROB25_mobile_robot_project/assign_5_IROB_pk/build/irob_assignment_5/build/lib/irob_assignment_5/activation_server.py -> /afs/kth.se/home/t/m/tmatty/ros2_ws/src/KTH_DD2410_Assign5_2025-main/IROB25_mobile_robot_project/assign_5_IROB_pk/install/irob_assignment_5/lib/python3.8/site-packages/irob_assignment_5
copying /afs/kth.se/home/t/m/tmatty/ros2_ws/src/KTH_DD2410_Assign5_2025-main/IROB25_mobile_robot_project/assign_5_IROB_pk/build/irob_assignment_5/build/lib/irob_assignment_5/at_goal_server.py -> /afs/kth.se/home/t/m/tmatty/ros2_ws/src/KTH_DD2410_Assign5_2025-main/IROB25_mobile_robot_project/assign_5_IROB_pk/install/irob_assignment_5/lib/python3.8/site-packages/irob_assignment_5
copying /afs/kth.se/home/t/m/tmatty/ros2_ws/src/KTH_DD2410_Assign5_2025-main/IROB25_mobile_robot_project/assign_5_IROB_pk/build/irob_assignment_5/build/lib/irob_assignment_5/explorer.py -> /afs/kth.se/home/t/m/tmatty/ros2_ws/src/KTH_DD2410_Assign5_2025-main/IROB25_mobile_robot_project/assign_5_IROB_pk/install/irob_assignment_5/lib/python3.8/site-packages/irob_assignment_5
copying /afs/kth.se/home/t/m/tmatty/ros2_ws/src/KTH_DD2410_Assign5_2025-main/IROB25_mobile_robot_project/assign_5_IROB_pk/build/irob_assignment_5/build/lib/irob_assignment_5/goal_server.py -> /afs/kth.se/home/t/m/tmatty/ros2_ws/src/KTH_DD2410_Assign5_2025-main/IROB25_mobile_robot_project/assign_5_IROB_pk/install/irob_assignment_5/lib/python3.8/site-packages/irob_assignment_5
byte-compiling /afs/kth.se/home/t/m/tmatty/ros2_ws/src/KTH_DD2410_Assign5_2025-main/IROB25_mobile_robot_project/assign_5_IROB_pk/install/irob_assignment_5/lib/python3.8/site-packages/irob_assignment_5/BT_students.py to BT_students.cpython-38.pyc
byte-compiling /afs/kth.se/home/t/m/tmatty/ros2_ws/src/KTH_DD2410_Assign5_2025-main/IROB25_mobile_robot_project/assign_5_IROB_pk/install/irob_assignment_5/lib/python3.8/site-packages/irob_assignment_5/SM_students.py to SM_students.cpython-38.pyc
byte-compiling /afs/kth.se/home/t/m/tmatty/ros2_ws/src/KTH_DD2410_Assign5_2025-main/IROB25_mobile_robot_project/assign_5_IROB_pk/install/irob_assignment_5/lib/python3.8/site-packages/irob_assignment_5/__init__.py to __init__.cpython-38.pyc
byte-compiling /afs/kth.se/home/t/m/tmatty/ros2_ws/src/KTH_DD2410_Assign5_2025-main/IROB25_mobile_robot_project/assign_5_IROB_pk/install/irob_assignment_5/lib/python3.8/site-packages/irob_assignment_5/activation_server.py to activation_server.cpython-38.pyc
byte-compiling /afs/kth.se/home/t/m/tmatty/ros2_ws/src/KTH_DD2410_Assign5_2025-main/IROB25_mobile_robot_project/assign_5_IROB_pk/install/irob_assignment_5/lib/python3.8/site-packages/irob_assignment_5/at_goal_server.py to at_goal_server.cpython-38.pyc
byte-compiling /afs/kth.se/home/t/m/tmatty/ros2_ws/src/KTH_DD2410_Assign5_2025-main/IROB25_mobile_robot_project/assign_5_IROB_pk/install/irob_assignment_5/lib/python3.8/site-packages/irob_assignment_5/explorer.py to explorer.cpython-38.pyc
byte-compiling /afs/kth.se/home/t/m/tmatty/ros2_ws/src/KTH_DD2410_Assign5_2025-main/IROB25_mobile_robot_project/assign_5_IROB_pk/install/irob_assignment_5/lib/python3.8/site-packages/irob_assignment_5/goal_server.py to goal_server.cpython-38.pyc
running install_data
creating /afs/kth.se/home/t/m/tmatty/ros2_ws/src/KTH_DD2410_Assign5_2025-main/IROB25_mobile_robot_project/assign_5_IROB_pk/install/irob_assignment_5/share/ament_index
creating /afs/kth.se/home/t/m/tmatty/ros2_ws/src/KTH_DD2410_Assign5_2025-main/IROB25_mobile_robot_project/assign_5_IROB_pk/install/irob_assignment_5/share/ament_index/resource_index
creating /afs/kth.se/home/t/m/tmatty/ros2_ws/src/KTH_DD2410_Assign5_2025-main/IROB25_mobile_robot_project/assign_5_IROB_pk/install/irob_assignment_5/share/ament_index/resource_index/packages
copying resource/irob_assignment_5 -> /afs/kth.se/home/t/m/tmatty/ros2_ws/src/KTH_DD2410_Assign5_2025-main/IROB25_mobile_robot_project/assign_5_IROB_pk/install/irob_assignment_5/share/ament_index/resource_index/packages
copying package.xml -> /afs/kth.se/home/t/m/tmatty/ros2_ws/src/KTH_DD2410_Assign5_2025-main/IROB25_mobile_robot_project/assign_5_IROB_pk/install/irob_assignment_5/share/irob_assignment_5
creating /afs/kth.se/home/t/m/tmatty/ros2_ws/src/KTH_DD2410_Assign5_2025-main/IROB25_mobile_robot_project/assign_5_IROB_pk/install/irob_assignment_5/share/irob_assignment_5/launch
copying launch/project_launch.launch.py -> /afs/kth.se/home/t/m/tmatty/ros2_ws/src/KTH_DD2410_Assign5_2025-main/IROB25_mobile_robot_project/assign_5_IROB_pk/install/irob_assignment_5/share/irob_assignment_5/launch
copying launch/simulator.launch.py -> /afs/kth.se/home/t/m/tmatty/ros2_ws/src/KTH_DD2410_Assign5_2025-main/IROB25_mobile_robot_project/assign_5_IROB_pk/install/irob_assignment_5/share/irob_assignment_5/launch
copying launch/slam.launch.py -> /afs/kth.se/home/t/m/tmatty/ros2_ws/src/KTH_DD2410_Assign5_2025-main/IROB25_mobile_robot_project/assign_5_IROB_pk/install/irob_assignment_5/share/irob_assignment_5/launch
copying launch/start.launch.py -> /afs/kth.se/home/t/m/tmatty/ros2_ws/src/KTH_DD2410_Assign5_2025-main/IROB25_mobile_robot_project/assign_5_IROB_pk/install/irob_assignment_5/share/irob_assignment_5/launch
copying launch/start_navigation.launch.py -> /afs/kth.se/home/t/m/tmatty/ros2_ws/src/KTH_DD2410_Assign5_2025-main/IROB25_mobile_robot_project/assign_5_IROB_pk/install/irob_assignment_5/share/irob_assignment_5/launch
creating /afs/kth.se/home/t/m/tmatty/ros2_ws/src/KTH_DD2410_Assign5_2025-main/IROB25_mobile_robot_project/assign_5_IROB_pk/install/irob_assignment_5/share/irob_assignment_5/config
copying config/goal_params_BT.yaml -> /afs/kth.se/home/t/m/tmatty/ros2_ws/src/KTH_DD2410_Assign5_2025-main/IROB25_mobile_robot_project/assign_5_IROB_pk/install/irob_assignment_5/share/irob_assignment_5/config
copying config/goal_params_BT_level_A.yaml -> /afs/kth.se/home/t/m/tmatty/ros2_ws/src/KTH_DD2410_Assign5_2025-main/IROB25_mobile_robot_project/assign_5_IROB_pk/install/irob_assignment_5/share/irob_assignment_5/config
copying config/goal_params_SM.yaml -> /afs/kth.se/home/t/m/tmatty/ros2_ws/src/KTH_DD2410_Assign5_2025-main/IROB25_mobile_robot_project/assign_5_IROB_pk/install/irob_assignment_5/share/irob_assignment_5/config
copying config/navigation.yaml -> /afs/kth.se/home/t/m/tmatty/ros2_ws/src/KTH_DD2410_Assign5_2025-main/IROB25_mobile_robot_project/assign_5_IROB_pk/install/irob_assignment_5/share/irob_assignment_5/config
copying config/slam_params.yaml -> /afs/kth.se/home/t/m/tmatty/ros2_ws/src/KTH_DD2410_Assign5_2025-main/IROB25_mobile_robot_project/assign_5_IROB_pk/install/irob_assignment_5/share/irob_assignment_5/config
creating /afs/kth.se/home/t/m/tmatty/ros2_ws/src/KTH_DD2410_Assign5_2025-main/IROB25_mobile_robot_project/assign_5_IROB_pk/install/irob_assignment_5/share/irob_assignment_5/srv
creating /afs/kth.se/home/t/m/tmatty/ros2_ws/src/KTH_DD2410_Assign5_2025-main/IROB25_mobile_robot_project/assign_5_IROB_pk/install/irob_assignment_5/share/irob_assignment_5/rviz
copying rviz/view.rviz -> /afs/kth.se/home/t/m/tmatty/ros2_ws/src/KTH_DD2410_Assign5_2025-main/IROB25_mobile_robot_project/assign_5_IROB_pk/install/irob_assignment_5/share/irob_assignment_5/rviz
running install_egg_info
Copying ../../build/irob_assignment_5/irob_assignment_5.egg-info to /afs/kth.se/home/t/m/tmatty/ros2_ws/src/KTH_DD2410_Assign5_2025-main/IROB25_mobile_robot_project/assign_5_IROB_pk/install/irob_assignment_5/lib/python3.8/site-packages/irob_assignment_5-1.0.0-py3.8.egg-info
running install_scripts
Installing activation_server script to /afs/kth.se/home/t/m/tmatty/ros2_ws/src/KTH_DD2410_Assign5_2025-main/IROB25_mobile_robot_project/assign_5_IROB_pk/install/irob_assignment_5/lib/irob_assignment_5
Installing at_goal_server script to /afs/kth.se/home/t/m/tmatty/ros2_ws/src/KTH_DD2410_Assign5_2025-main/IROB25_mobile_robot_project/assign_5_IROB_pk/install/irob_assignment_5/lib/irob_assignment_5
Installing explorer script to /afs/kth.se/home/t/m/tmatty/ros2_ws/src/KTH_DD2410_Assign5_2025-main/IROB25_mobile_robot_project/assign_5_IROB_pk/install/irob_assignment_5/lib/irob_assignment_5
Installing goal_server script to /afs/kth.se/home/t/m/tmatty/ros2_ws/src/KTH_DD2410_Assign5_2025-main/IROB25_mobile_robot_project/assign_5_IROB_pk/install/irob_assignment_5/lib/irob_assignment_5
writing list of installed files to '/afs/kth.se/home/t/m/tmatty/ros2_ws/src/KTH_DD2410_Assign5_2025-main/IROB25_mobile_robot_project/assign_5_IROB_pk/build/irob_assignment_5/install.log'
