[0.757s] Invoking command in '/afs/kth.se/home/t/m/tmatty/ros2_ws/src/KTH_DD2410_Assign5_2025-main/IROB25_mobile_robot_project/assign_5_IROB_pk/src/irob_assignment_5': AMENT_PREFIX_PATH=/afs/kth.se/home/t/m/tmatty/ros2_ws/src/KTH_DD2410_Assign5_2025-main/IROB25_mobile_robot_project/assign_5_IROB_pk/install/irob_interfaces:${AMENT_PREFIX_PATH} CMAKE_PREFIX_PATH=/afs/kth.se/home/t/m/tmatty/ros2_ws/src/KTH_DD2410_Assign5_2025-main/IROB25_mobile_robot_project/assign_5_IROB_pk/install/irob_interfaces:${CMAKE_PREFIX_PATH} LD_LIBRARY_PATH=/afs/kth.se/home/t/m/tmatty/ros2_ws/src/KTH_DD2410_Assign5_2025-main/IROB25_mobile_robot_project/assign_5_IROB_pk/install/irob_interfaces/lib:${LD_LIBRARY_PATH} PYTHONPATH=/afs/kth.se/home/t/m/tmatty/ros2_ws/src/KTH_DD2410_Assign5_2025-main/IROB25_mobile_robot_project/assign_5_IROB_pk/build/irob_assignment_5/prefix_override:/usr/lib/python3/dist-packages/colcon_core/task/python/colcon_distutils_commands:/afs/kth.se/home/t/m/tmatty/ros2_ws/src/KTH_DD2410_Assign5_2025-main/IROB25_mobile_robot_project/assign_5_IROB_pk/install/irob_assignment_5/lib/python3.8/site-packages:/afs/kth.se/home/t/m/tmatty/ros2_ws/src/KTH_DD2410_Assign5_2025-main/IROB25_mobile_robot_project/assign_5_IROB_pk/install/irob_interfaces/lib/python3.8/site-packages:${PYTHONPATH} /usr/bin/python3 -W ignore:setup.py install is deprecated -W ignore:easy_install command is deprecated setup.py egg_info --egg-base ../../build/irob_assignment_5 build --build-base /afs/kth.se/home/t/m/tmatty/ros2_ws/src/KTH_DD2410_Assign5_2025-main/IROB25_mobile_robot_project/assign_5_IROB_pk/build/irob_assignment_5/build install --record /afs/kth.se/home/t/m/tmatty/ros2_ws/src/KTH_DD2410_Assign5_2025-main/IROB25_mobile_robot_project/assign_5_IROB_pk/build/irob_assignment_5/install.log --install-scripts $base/lib/irob_assignment_5 --single-version-externally-managed install_data
[0.979s] running egg_info
[0.980s] creating ../../build/irob_assignment_5/irob_assignment_5.egg-info
[0.981s] writing ../../build/irob_assignment_5/irob_assignment_5.egg-info/PKG-INFO
[0.983s] writing dependency_links to ../../build/irob_assignment_5/irob_assignment_5.egg-info/dependency_links.txt
[0.984s] writing entry points to ../../build/irob_assignment_5/irob_assignment_5.egg-info/entry_points.txt
[0.985s] writing requirements to ../../build/irob_assignment_5/irob_assignment_5.egg-info/requires.txt
[0.985s] writing top-level names to ../../build/irob_assignment_5/irob_assignment_5.egg-info/top_level.txt
[0.987s] writing manifest file '../../build/irob_assignment_5/irob_assignment_5.egg-info/SOURCES.txt'
[1.017s] reading manifest file '../../build/irob_assignment_5/irob_assignment_5.egg-info/SOURCES.txt'
[1.018s] writing manifest file '../../build/irob_assignment_5/irob_assignment_5.egg-info/SOURCES.txt'
[1.019s] running build
[1.019s] running build_py
[1.019s] creating /afs/kth.se/home/t/m/tmatty/ros2_ws/src/KTH_DD2410_Assign5_2025-main/IROB25_mobile_robot_project/assign_5_IROB_pk/build/irob_assignment_5/build
[1.020s] creating /afs/kth.se/home/t/m/tmatty/ros2_ws/src/KTH_DD2410_Assign5_2025-main/IROB25_mobile_robot_project/assign_5_IROB_pk/build/irob_assignment_5/build/lib
[1.021s] creating /afs/kth.se/home/t/m/tmatty/ros2_ws/src/KTH_DD2410_Assign5_2025-main/IROB25_mobile_robot_project/assign_5_IROB_pk/build/irob_assignment_5/build/lib/irob_assignment_5
[1.022s] copying irob_assignment_5/BT_students.py -> /afs/kth.se/home/t/m/tmatty/ros2_ws/src/KTH_DD2410_Assign5_2025-main/IROB25_mobile_robot_project/assign_5_IROB_pk/build/irob_assignment_5/build/lib/irob_assignment_5
[1.023s] copying irob_assignment_5/SM_students.py -> /afs/kth.se/home/t/m/tmatty/ros2_ws/src/KTH_DD2410_Assign5_2025-main/IROB25_mobile_robot_project/assign_5_IROB_pk/build/irob_assignment_5/build/lib/irob_assignment_5
[1.024s] copying irob_assignment_5/__init__.py -> /afs/kth.se/home/t/m/tmatty/ros2_ws/src/KTH_DD2410_Assign5_2025-main/IROB25_mobile_robot_project/assign_5_IROB_pk/build/irob_assignment_5/build/lib/irob_assignment_5
[1.025s] copying irob_assignment_5/activation_server.py -> /afs/kth.se/home/t/m/tmatty/ros2_ws/src/KTH_DD2410_Assign5_2025-main/IROB25_mobile_robot_project/assign_5_IROB_pk/build/irob_assignment_5/build/lib/irob_assignment_5
[1.027s] copying irob_assignment_5/at_goal_server.py -> /afs/kth.se/home/t/m/tmatty/ros2_ws/src/KTH_DD2410_Assign5_2025-main/IROB25_mobile_robot_project/assign_5_IROB_pk/build/irob_assignment_5/build/lib/irob_assignment_5
[1.028s] copying irob_assignment_5/explorer.py -> /afs/kth.se/home/t/m/tmatty/ros2_ws/src/KTH_DD2410_Assign5_2025-main/IROB25_mobile_robot_project/assign_5_IROB_pk/build/irob_assignment_5/build/lib/irob_assignment_5
[1.029s] copying irob_assignment_5/goal_server.py -> /afs/kth.se/home/t/m/tmatty/ros2_ws/src/KTH_DD2410_Assign5_2025-main/IROB25_mobile_robot_project/assign_5_IROB_pk/build/irob_assignment_5/build/lib/irob_assignment_5
[1.031s] running install
[1.031s] running install_lib
[1.032s] creating /afs/kth.se/home/t/m/tmatty/ros2_ws/src/KTH_DD2410_Assign5_2025-main/IROB25_mobile_robot_project/assign_5_IROB_pk/install/irob_assignment_5/lib/python3.8/site-packages/irob_assignment_5
[1.034s] copying /afs/kth.se/home/t/m/tmatty/ros2_ws/src/KTH_DD2410_Assign5_2025-main/IROB25_mobile_robot_project/assign_5_IROB_pk/build/irob_assignment_5/build/lib/irob_assignment_5/BT_students.py -> /afs/kth.se/home/t/m/tmatty/ros2_ws/src/KTH_DD2410_Assign5_2025-main/IROB25_mobile_robot_project/assign_5_IROB_pk/install/irob_assignment_5/lib/python3.8/site-packages/irob_assignment_5
[1.035s] copying /afs/kth.se/home/t/m/tmatty/ros2_ws/src/KTH_DD2410_Assign5_2025-main/IROB25_mobile_robot_project/assign_5_IROB_pk/build/irob_assignment_5/build/lib/irob_assignment_5/SM_students.py -> /afs/kth.se/home/t/m/tmatty/ros2_ws/src/KTH_DD2410_Assign5_2025-main/IROB25_mobile_robot_project/assign_5_IROB_pk/install/irob_assignment_5/lib/python3.8/site-packages/irob_assignment_5
[1.036s] copying /afs/kth.se/home/t/m/tmatty/ros2_ws/src/KTH_DD2410_Assign5_2025-main/IROB25_mobile_robot_project/assign_5_IROB_pk/build/irob_assignment_5/build/lib/irob_assignment_5/__init__.py -> /afs/kth.se/home/t/m/tmatty/ros2_ws/src/KTH_DD2410_Assign5_2025-main/IROB25_mobile_robot_project/assign_5_IROB_pk/install/irob_assignment_5/lib/python3.8/site-packages/irob_assignment_5
[1.037s] copying /afs/kth.se/home/t/m/tmatty/ros2_ws/src/KTH_DD2410_Assign5_2025-main/IROB25_mobile_robot_project/assign_5_IROB_pk/build/irob_assignment_5/build/lib/irob_assignment_5/activation_server.py -> /afs/kth.se/home/t/m/tmatty/ros2_ws/src/KTH_DD2410_Assign5_2025-main/IROB25_mobile_robot_project/assign_5_IROB_pk/install/irob_assignment_5/lib/python3.8/site-packages/irob_assignment_5
[1.039s] copying /afs/kth.se/home/t/m/tmatty/ros2_ws/src/KTH_DD2410_Assign5_2025-main/IROB25_mobile_robot_project/assign_5_IROB_pk/build/irob_assignment_5/build/lib/irob_assignment_5/at_goal_server.py -> /afs/kth.se/home/t/m/tmatty/ros2_ws/src/KTH_DD2410_Assign5_2025-main/IROB25_mobile_robot_project/assign_5_IROB_pk/install/irob_assignment_5/lib/python3.8/site-packages/irob_assignment_5
[1.040s] copying /afs/kth.se/home/t/m/tmatty/ros2_ws/src/KTH_DD2410_Assign5_2025-main/IROB25_mobile_robot_project/assign_5_IROB_pk/build/irob_assignment_5/build/lib/irob_assignment_5/explorer.py -> /afs/kth.se/home/t/m/tmatty/ros2_ws/src/KTH_DD2410_Assign5_2025-main/IROB25_mobile_robot_project/assign_5_IROB_pk/install/irob_assignment_5/lib/python3.8/site-packages/irob_assignment_5
[1.042s] copying /afs/kth.se/home/t/m/tmatty/ros2_ws/src/KTH_DD2410_Assign5_2025-main/IROB25_mobile_robot_project/assign_5_IROB_pk/build/irob_assignment_5/build/lib/irob_assignment_5/goal_server.py -> /afs/kth.se/home/t/m/tmatty/ros2_ws/src/KTH_DD2410_Assign5_2025-main/IROB25_mobile_robot_project/assign_5_IROB_pk/install/irob_assignment_5/lib/python3.8/site-packages/irob_assignment_5
[1.044s] byte-compiling /afs/kth.se/home/t/m/tmatty/ros2_ws/src/KTH_DD2410_Assign5_2025-main/IROB25_mobile_robot_project/assign_5_IROB_pk/install/irob_assignment_5/lib/python3.8/site-packages/irob_assignment_5/BT_students.py to BT_students.cpython-38.pyc
[1.048s] byte-compiling /afs/kth.se/home/t/m/tmatty/ros2_ws/src/KTH_DD2410_Assign5_2025-main/IROB25_mobile_robot_project/assign_5_IROB_pk/install/irob_assignment_5/lib/python3.8/site-packages/irob_assignment_5/SM_students.py to SM_students.cpython-38.pyc
[1.049s] byte-compiling /afs/kth.se/home/t/m/tmatty/ros2_ws/src/KTH_DD2410_Assign5_2025-main/IROB25_mobile_robot_project/assign_5_IROB_pk/install/irob_assignment_5/lib/python3.8/site-packages/irob_assignment_5/__init__.py to __init__.cpython-38.pyc
[1.050s] byte-compiling /afs/kth.se/home/t/m/tmatty/ros2_ws/src/KTH_DD2410_Assign5_2025-main/IROB25_mobile_robot_project/assign_5_IROB_pk/install/irob_assignment_5/lib/python3.8/site-packages/irob_assignment_5/activation_server.py to activation_server.cpython-38.pyc
[1.052s] byte-compiling /afs/kth.se/home/t/m/tmatty/ros2_ws/src/KTH_DD2410_Assign5_2025-main/IROB25_mobile_robot_project/assign_5_IROB_pk/install/irob_assignment_5/lib/python3.8/site-packages/irob_assignment_5/at_goal_server.py to at_goal_server.cpython-38.pyc
[1.054s] byte-compiling /afs/kth.se/home/t/m/tmatty/ros2_ws/src/KTH_DD2410_Assign5_2025-main/IROB25_mobile_robot_project/assign_5_IROB_pk/install/irob_assignment_5/lib/python3.8/site-packages/irob_assignment_5/explorer.py to explorer.cpython-38.pyc
[1.056s] byte-compiling /afs/kth.se/home/t/m/tmatty/ros2_ws/src/KTH_DD2410_Assign5_2025-main/IROB25_mobile_robot_project/assign_5_IROB_pk/install/irob_assignment_5/lib/python3.8/site-packages/irob_assignment_5/goal_server.py to goal_server.cpython-38.pyc
[1.058s] running install_data
[1.058s] creating /afs/kth.se/home/t/m/tmatty/ros2_ws/src/KTH_DD2410_Assign5_2025-main/IROB25_mobile_robot_project/assign_5_IROB_pk/install/irob_assignment_5/share/ament_index
[1.059s] creating /afs/kth.se/home/t/m/tmatty/ros2_ws/src/KTH_DD2410_Assign5_2025-main/IROB25_mobile_robot_project/assign_5_IROB_pk/install/irob_assignment_5/share/ament_index/resource_index
[1.060s] creating /afs/kth.se/home/t/m/tmatty/ros2_ws/src/KTH_DD2410_Assign5_2025-main/IROB25_mobile_robot_project/assign_5_IROB_pk/install/irob_assignment_5/share/ament_index/resource_index/packages
[1.061s] copying resource/irob_assignment_5 -> /afs/kth.se/home/t/m/tmatty/ros2_ws/src/KTH_DD2410_Assign5_2025-main/IROB25_mobile_robot_project/assign_5_IROB_pk/install/irob_assignment_5/share/ament_index/resource_index/packages
[1.062s] copying package.xml -> /afs/kth.se/home/t/m/tmatty/ros2_ws/src/KTH_DD2410_Assign5_2025-main/IROB25_mobile_robot_project/assign_5_IROB_pk/install/irob_assignment_5/share/irob_assignment_5
[1.064s] creating /afs/kth.se/home/t/m/tmatty/ros2_ws/src/KTH_DD2410_Assign5_2025-main/IROB25_mobile_robot_project/assign_5_IROB_pk/install/irob_assignment_5/share/irob_assignment_5/launch
[1.065s] copying launch/project_launch.launch.py -> /afs/kth.se/home/t/m/tmatty/ros2_ws/src/KTH_DD2410_Assign5_2025-main/IROB25_mobile_robot_project/assign_5_IROB_pk/install/irob_assignment_5/share/irob_assignment_5/launch
[1.066s] copying launch/simulator.launch.py -> /afs/kth.se/home/t/m/tmatty/ros2_ws/src/KTH_DD2410_Assign5_2025-main/IROB25_mobile_robot_project/assign_5_IROB_pk/install/irob_assignment_5/share/irob_assignment_5/launch
[1.067s] copying launch/slam.launch.py -> /afs/kth.se/home/t/m/tmatty/ros2_ws/src/KTH_DD2410_Assign5_2025-main/IROB25_mobile_robot_project/assign_5_IROB_pk/install/irob_assignment_5/share/irob_assignment_5/launch
[1.069s] copying launch/start.launch.py -> /afs/kth.se/home/t/m/tmatty/ros2_ws/src/KTH_DD2410_Assign5_2025-main/IROB25_mobile_robot_project/assign_5_IROB_pk/install/irob_assignment_5/share/irob_assignment_5/launch
[1.070s] copying launch/start_navigation.launch.py -> /afs/kth.se/home/t/m/tmatty/ros2_ws/src/KTH_DD2410_Assign5_2025-main/IROB25_mobile_robot_project/assign_5_IROB_pk/install/irob_assignment_5/share/irob_assignment_5/launch
[1.073s] creating /afs/kth.se/home/t/m/tmatty/ros2_ws/src/KTH_DD2410_Assign5_2025-main/IROB25_mobile_robot_project/assign_5_IROB_pk/install/irob_assignment_5/share/irob_assignment_5/config
[1.074s] copying config/goal_params_BT.yaml -> /afs/kth.se/home/t/m/tmatty/ros2_ws/src/KTH_DD2410_Assign5_2025-main/IROB25_mobile_robot_project/assign_5_IROB_pk/install/irob_assignment_5/share/irob_assignment_5/config
[1.075s] copying config/goal_params_BT_level_A.yaml -> /afs/kth.se/home/t/m/tmatty/ros2_ws/src/KTH_DD2410_Assign5_2025-main/IROB25_mobile_robot_project/assign_5_IROB_pk/install/irob_assignment_5/share/irob_assignment_5/config
[1.077s] copying config/goal_params_SM.yaml -> /afs/kth.se/home/t/m/tmatty/ros2_ws/src/KTH_DD2410_Assign5_2025-main/IROB25_mobile_robot_project/assign_5_IROB_pk/install/irob_assignment_5/share/irob_assignment_5/config
[1.078s] copying config/navigation.yaml -> /afs/kth.se/home/t/m/tmatty/ros2_ws/src/KTH_DD2410_Assign5_2025-main/IROB25_mobile_robot_project/assign_5_IROB_pk/install/irob_assignment_5/share/irob_assignment_5/config
[1.080s] copying config/slam_params.yaml -> /afs/kth.se/home/t/m/tmatty/ros2_ws/src/KTH_DD2410_Assign5_2025-main/IROB25_mobile_robot_project/assign_5_IROB_pk/install/irob_assignment_5/share/irob_assignment_5/config
[1.081s] creating /afs/kth.se/home/t/m/tmatty/ros2_ws/src/KTH_DD2410_Assign5_2025-main/IROB25_mobile_robot_project/assign_5_IROB_pk/install/irob_assignment_5/share/irob_assignment_5/srv
[1.082s] creating /afs/kth.se/home/t/m/tmatty/ros2_ws/src/KTH_DD2410_Assign5_2025-main/IROB25_mobile_robot_project/assign_5_IROB_pk/install/irob_assignment_5/share/irob_assignment_5/rviz
[1.083s] copying rviz/view.rviz -> /afs/kth.se/home/t/m/tmatty/ros2_ws/src/KTH_DD2410_Assign5_2025-main/IROB25_mobile_robot_project/assign_5_IROB_pk/install/irob_assignment_5/share/irob_assignment_5/rviz
[1.085s] running install_egg_info
[1.087s] Copying ../../build/irob_assignment_5/irob_assignment_5.egg-info to /afs/kth.se/home/t/m/tmatty/ros2_ws/src/KTH_DD2410_Assign5_2025-main/IROB25_mobile_robot_project/assign_5_IROB_pk/install/irob_assignment_5/lib/python3.8/site-packages/irob_assignment_5-1.0.0-py3.8.egg-info
[1.097s] running install_scripts
[1.119s] Installing activation_server script to /afs/kth.se/home/t/m/tmatty/ros2_ws/src/KTH_DD2410_Assign5_2025-main/IROB25_mobile_robot_project/assign_5_IROB_pk/install/irob_assignment_5/lib/irob_assignment_5
[1.121s] Installing at_goal_server script to /afs/kth.se/home/t/m/tmatty/ros2_ws/src/KTH_DD2410_Assign5_2025-main/IROB25_mobile_robot_project/assign_5_IROB_pk/install/irob_assignment_5/lib/irob_assignment_5
[1.123s] Installing explorer script to /afs/kth.se/home/t/m/tmatty/ros2_ws/src/KTH_DD2410_Assign5_2025-main/IROB25_mobile_robot_project/assign_5_IROB_pk/install/irob_assignment_5/lib/irob_assignment_5
[1.124s] Installing goal_server script to /afs/kth.se/home/t/m/tmatty/ros2_ws/src/KTH_DD2410_Assign5_2025-main/IROB25_mobile_robot_project/assign_5_IROB_pk/install/irob_assignment_5/lib/irob_assignment_5
[1.125s] writing list of installed files to '/afs/kth.se/home/t/m/tmatty/ros2_ws/src/KTH_DD2410_Assign5_2025-main/IROB25_mobile_robot_project/assign_5_IROB_pk/build/irob_assignment_5/install.log'
[1.152s] Invoked command in '/afs/kth.se/home/t/m/tmatty/ros2_ws/src/KTH_DD2410_Assign5_2025-main/IROB25_mobile_robot_project/assign_5_IROB_pk/src/irob_assignment_5' returned '0': AMENT_PREFIX_PATH=/afs/kth.se/home/t/m/tmatty/ros2_ws/src/KTH_DD2410_Assign5_2025-main/IROB25_mobile_robot_project/assign_5_IROB_pk/install/irob_interfaces:${AMENT_PREFIX_PATH} CMAKE_PREFIX_PATH=/afs/kth.se/home/t/m/tmatty/ros2_ws/src/KTH_DD2410_Assign5_2025-main/IROB25_mobile_robot_project/assign_5_IROB_pk/install/irob_interfaces:${CMAKE_PREFIX_PATH} LD_LIBRARY_PATH=/afs/kth.se/home/t/m/tmatty/ros2_ws/src/KTH_DD2410_Assign5_2025-main/IROB25_mobile_robot_project/assign_5_IROB_pk/install/irob_interfaces/lib:${LD_LIBRARY_PATH} PYTHONPATH=/afs/kth.se/home/t/m/tmatty/ros2_ws/src/KTH_DD2410_Assign5_2025-main/IROB25_mobile_robot_project/assign_5_IROB_pk/build/irob_assignment_5/prefix_override:/usr/lib/python3/dist-packages/colcon_core/task/python/colcon_distutils_commands:/afs/kth.se/home/t/m/tmatty/ros2_ws/src/KTH_DD2410_Assign5_2025-main/IROB25_mobile_robot_project/assign_5_IROB_pk/install/irob_assignment_5/lib/python3.8/site-packages:/afs/kth.se/home/t/m/tmatty/ros2_ws/src/KTH_DD2410_Assign5_2025-main/IROB25_mobile_robot_project/assign_5_IROB_pk/install/irob_interfaces/lib/python3.8/site-packages:${PYTHONPATH} /usr/bin/python3 -W ignore:setup.py install is deprecated -W ignore:easy_install command is deprecated setup.py egg_info --egg-base ../../build/irob_assignment_5 build --build-base /afs/kth.se/home/t/m/tmatty/ros2_ws/src/KTH_DD2410_Assign5_2025-main/IROB25_mobile_robot_project/assign_5_IROB_pk/build/irob_assignment_5/build install --record /afs/kth.se/home/t/m/tmatty/ros2_ws/src/KTH_DD2410_Assign5_2025-main/IROB25_mobile_robot_project/assign_5_IROB_pk/build/irob_assignment_5/install.log --install-scripts $base/lib/irob_assignment_5 --single-version-externally-managed install_data
