/afs/kth.se/home/t/m/tmatty/ros2_ws/src/KTH_DD2410_Assign5_2025-main/IROB25_mobile_robot_project/assign_5_IROB_pk/install/irob_assignment_5/lib/python3.8/site-packages/irob_assignment_5/BT_students.py
/afs/kth.se/home/t/m/tmatty/ros2_ws/src/KTH_DD2410_Assign5_2025-main/IROB25_mobile_robot_project/assign_5_IROB_pk/install/irob_assignment_5/lib/python3.8/site-packages/irob_assignment_5/SM_students.py
/afs/kth.se/home/t/m/tmatty/ros2_ws/src/KTH_DD2410_Assign5_2025-main/IROB25_mobile_robot_project/assign_5_IROB_pk/install/irob_assignment_5/lib/python3.8/site-packages/irob_assignment_5/__init__.py
/afs/kth.se/home/t/m/tmatty/ros2_ws/src/KTH_DD2410_Assign5_2025-main/IROB25_mobile_robot_project/assign_5_IROB_pk/install/irob_assignment_5/lib/python3.8/site-packages/irob_assignment_5/activation_server.py
/afs/kth.se/home/t/m/tmatty/ros2_ws/src/KTH_DD2410_Assign5_2025-main/IROB25_mobile_robot_project/assign_5_IROB_pk/install/irob_assignment_5/lib/python3.8/site-packages/irob_assignment_5/at_goal_server.py
/afs/kth.se/home/t/m/tmatty/ros2_ws/src/KTH_DD2410_Assign5_2025-main/IROB25_mobile_robot_project/assign_5_IROB_pk/install/irob_assignment_5/lib/python3.8/site-packages/irob_assignment_5/explorer.py
/afs/kth.se/home/t/m/tmatty/ros2_ws/src/KTH_DD2410_Assign5_2025-main/IROB25_mobile_robot_project/assign_5_IROB_pk/install/irob_assignment_5/lib/python3.8/site-packages/irob_assignment_5/goal_server.py
/afs/kth.se/home/t/m/tmatty/ros2_ws/src/KTH_DD2410_Assign5_2025-main/IROB25_mobile_robot_project/assign_5_IROB_pk/install/irob_assignment_5/lib/python3.8/site-packages/irob_assignment_5/__pycache__/BT_students.cpython-38.pyc
/afs/kth.se/home/t/m/tmatty/ros2_ws/src/KTH_DD2410_Assign5_2025-main/IROB25_mobile_robot_project/assign_5_IROB_pk/install/irob_assignment_5/lib/python3.8/site-packages/irob_assignment_5/__pycache__/SM_students.cpython-38.pyc
/afs/kth.se/home/t/m/tmatty/ros2_ws/src/KTH_DD2410_Assign5_2025-main/IROB25_mobile_robot_project/assign_5_IROB_pk/install/irob_assignment_5/lib/python3.8/site-packages/irob_assignment_5/__pycache__/__init__.cpython-38.pyc
/afs/kth.se/home/t/m/tmatty/ros2_ws/src/KTH_DD2410_Assign5_2025-main/IROB25_mobile_robot_project/assign_5_IROB_pk/install/irob_assignment_5/lib/python3.8/site-packages/irob_assignment_5/__pycache__/activation_server.cpython-38.pyc
/afs/kth.se/home/t/m/tmatty/ros2_ws/src/KTH_DD2410_Assign5_2025-main/IROB25_mobile_robot_project/assign_5_IROB_pk/install/irob_assignment_5/lib/python3.8/site-packages/irob_assignment_5/__pycache__/at_goal_server.cpython-38.pyc
/afs/kth.se/home/t/m/tmatty/ros2_ws/src/KTH_DD2410_Assign5_2025-main/IROB25_mobile_robot_project/assign_5_IROB_pk/install/irob_assignment_5/lib/python3.8/site-packages/irob_assignment_5/__pycache__/explorer.cpython-38.pyc
/afs/kth.se/home/t/m/tmatty/ros2_ws/src/KTH_DD2410_Assign5_2025-main/IROB25_mobile_robot_project/assign_5_IROB_pk/install/irob_assignment_5/lib/python3.8/site-packages/irob_assignment_5/__pycache__/goal_server.cpython-38.pyc
/afs/kth.se/home/t/m/tmatty/ros2_ws/src/KTH_DD2410_Assign5_2025-main/IROB25_mobile_robot_project/assign_5_IROB_pk/install/irob_assignment_5/share/ament_index/resource_index/packages/irob_assignment_5
/afs/kth.se/home/t/m/tmatty/ros2_ws/src/KTH_DD2410_Assign5_2025-main/IROB25_mobile_robot_project/assign_5_IROB_pk/install/irob_assignment_5/share/irob_assignment_5/package.xml
/afs/kth.se/home/t/m/tmatty/ros2_ws/src/KTH_DD2410_Assign5_2025-main/IROB25_mobile_robot_project/assign_5_IROB_pk/install/irob_assignment_5/share/irob_assignment_5/launch/project_launch.launch.py
/afs/kth.se/home/t/m/tmatty/ros2_ws/src/KTH_DD2410_Assign5_2025-main/IROB25_mobile_robot_project/assign_5_IROB_pk/install/irob_assignment_5/share/irob_assignment_5/launch/simulator.launch.py
/afs/kth.se/home/t/m/tmatty/ros2_ws/src/KTH_DD2410_Assign5_2025-main/IROB25_mobile_robot_project/assign_5_IROB_pk/install/irob_assignment_5/share/irob_assignment_5/launch/slam.launch.py
/afs/kth.se/home/t/m/tmatty/ros2_ws/src/KTH_DD2410_Assign5_2025-main/IROB25_mobile_robot_project/assign_5_IROB_pk/install/irob_assignment_5/share/irob_assignment_5/launch/start.launch.py
/afs/kth.se/home/t/m/tmatty/ros2_ws/src/KTH_DD2410_Assign5_2025-main/IROB25_mobile_robot_project/assign_5_IROB_pk/install/irob_assignment_5/share/irob_assignment_5/launch/start_navigation.launch.py
/afs/kth.se/home/t/m/tmatty/ros2_ws/src/KTH_DD2410_Assign5_2025-main/IROB25_mobile_robot_project/assign_5_IROB_pk/install/irob_assignment_5/share/irob_assignment_5/config/goal_params_BT.yaml
/afs/kth.se/home/t/m/tmatty/ros2_ws/src/KTH_DD2410_Assign5_2025-main/IROB25_mobile_robot_project/assign_5_IROB_pk/install/irob_assignment_5/share/irob_assignment_5/config/goal_params_BT_level_A.yaml
/afs/kth.se/home/t/m/tmatty/ros2_ws/src/KTH_DD2410_Assign5_2025-main/IROB25_mobile_robot_project/assign_5_IROB_pk/install/irob_assignment_5/share/irob_assignment_5/config/goal_params_SM.yaml
/afs/kth.se/home/t/m/tmatty/ros2_ws/src/KTH_DD2410_Assign5_2025-main/IROB25_mobile_robot_project/assign_5_IROB_pk/install/irob_assignment_5/share/irob_assignment_5/config/navigation.yaml
/afs/kth.se/home/t/m/tmatty/ros2_ws/src/KTH_DD2410_Assign5_2025-main/IROB25_mobile_robot_project/assign_5_IROB_pk/install/irob_assignment_5/share/irob_assignment_5/config/slam_params.yaml
/afs/kth.se/home/t/m/tmatty/ros2_ws/src/KTH_DD2410_Assign5_2025-main/IROB25_mobile_robot_project/assign_5_IROB_pk/install/irob_assignment_5/share/irob_assignment_5/srv
/afs/kth.se/home/t/m/tmatty/ros2_ws/src/KTH_DD2410_Assign5_2025-main/IROB25_mobile_robot_project/assign_5_IROB_pk/install/irob_assignment_5/share/irob_assignment_5/rviz/view.rviz
/afs/kth.se/home/t/m/tmatty/ros2_ws/src/KTH_DD2410_Assign5_2025-main/IROB25_mobile_robot_project/assign_5_IROB_pk/install/irob_assignment_5/lib/python3.8/site-packages/irob_assignment_5-1.0.0-py3.8.egg-info/PKG-INFO
/afs/kth.se/home/t/m/tmatty/ros2_ws/src/KTH_DD2410_Assign5_2025-main/IROB25_mobile_robot_project/assign_5_IROB_pk/install/irob_assignment_5/lib/python3.8/site-packages/irob_assignment_5-1.0.0-py3.8.egg-info/zip-safe
/afs/kth.se/home/t/m/tmatty/ros2_ws/src/KTH_DD2410_Assign5_2025-main/IROB25_mobile_robot_project/assign_5_IROB_pk/install/irob_assignment_5/lib/python3.8/site-packages/irob_assignment_5-1.0.0-py3.8.egg-info/dependency_links.txt
/afs/kth.se/home/t/m/tmatty/ros2_ws/src/KTH_DD2410_Assign5_2025-main/IROB25_mobile_robot_project/assign_5_IROB_pk/install/irob_assignment_5/lib/python3.8/site-packages/irob_assignment_5-1.0.0-py3.8.egg-info/entry_points.txt
/afs/kth.se/home/t/m/tmatty/ros2_ws/src/KTH_DD2410_Assign5_2025-main/IROB25_mobile_robot_project/assign_5_IROB_pk/install/irob_assignment_5/lib/python3.8/site-packages/irob_assignment_5-1.0.0-py3.8.egg-info/requires.txt
/afs/kth.se/home/t/m/tmatty/ros2_ws/src/KTH_DD2410_Assign5_2025-main/IROB25_mobile_robot_project/assign_5_IROB_pk/install/irob_assignment_5/lib/python3.8/site-packages/irob_assignment_5-1.0.0-py3.8.egg-info/top_level.txt
/afs/kth.se/home/t/m/tmatty/ros2_ws/src/KTH_DD2410_Assign5_2025-main/IROB25_mobile_robot_project/assign_5_IROB_pk/install/irob_assignment_5/lib/python3.8/site-packages/irob_assignment_5-1.0.0-py3.8.egg-info/SOURCES.txt
/afs/kth.se/home/t/m/tmatty/ros2_ws/src/KTH_DD2410_Assign5_2025-main/IROB25_mobile_robot_project/assign_5_IROB_pk/install/irob_assignment_5/lib/irob_assignment_5/activation_server
/afs/kth.se/home/t/m/tmatty/ros2_ws/src/KTH_DD2410_Assign5_2025-main/IROB25_mobile_robot_project/assign_5_IROB_pk/install/irob_assignment_5/lib/irob_assignment_5/at_goal_server
/afs/kth.se/home/t/m/tmatty/ros2_ws/src/KTH_DD2410_Assign5_2025-main/IROB25_mobile_robot_project/assign_5_IROB_pk/install/irob_assignment_5/lib/irob_assignment_5/explorer
/afs/kth.se/home/t/m/tmatty/ros2_ws/src/KTH_DD2410_Assign5_2025-main/IROB25_mobile_robot_project/assign_5_IROB_pk/install/irob_assignment_5/lib/irob_assignment_5/goal_server
