-- The C compiler identification is GNU 9.4.0
-- The CXX compiler identification is GNU 9.4.0
-- Check for working C compiler: /usr/bin/cc
-- Check for working C compiler: /usr/bin/cc -- works
-- Detecting C compiler ABI info
-- Detecting C compiler ABI info - done
-- Detecting C compile features
-- Detecting C compile features - done
-- Check for working CXX compiler: /usr/bin/c++
-- Check for working CXX compiler: /usr/bin/c++ -- works
-- Detecting CXX compiler ABI info
-- Detecting CXX compiler ABI info - done
-- Detecting CXX compile features
-- Detecting CXX compile features - done
-- Found ament_cmake: 0.9.12 (/opt/ros/foxy/share/ament_cmake/cmake)
-- Found PythonInterp: /usr/bin/python3 (found suitable version "3.8.10", minimum required is "3") 
-- Using PYTHON_EXECUTABLE: /usr/bin/python3
-- Found rosidl_default_generators: 1.0.1 (/opt/ros/foxy/share/rosidl_default_generators/cmake)
-- Using all available rosidl_typesupport_c: rosidl_typesupport_fastrtps_c;rosidl_typesupport_introspection_c
-- Found rosidl_adapter: 1.3.1 (/opt/ros/foxy/share/rosidl_adapter/cmake)
-- Found OpenSSL: /usr/lib/x86_64-linux-gnu/libcrypto.so (found version "1.1.1f")  
-- Found FastRTPS: /opt/ros/foxy/include  
-- Using all available rosidl_typesupport_cpp: rosidl_typesupport_fastrtps_cpp;rosidl_typesupport_introspection_cpp
-- Found PythonInterp: /usr/bin/python3 (found version "3.8.10") 
-- Found ament_cmake_ros: 0.9.2 (/opt/ros/foxy/share/ament_cmake_ros/cmake)
-- Using all available rosidl_typesupport_c: rosidl_typesupport_fastrtps_c;rosidl_typesupport_introspection_c
-- Using all available rosidl_typesupport_cpp: rosidl_typesupport_fastrtps_cpp;rosidl_typesupport_introspection_cpp
-- Found PythonInterp: /usr/bin/python3 (found suitable version "3.8.10", minimum required is "3.5") 
-- Found python_cmake_module: 0.8.1 (/opt/ros/foxy/share/python_cmake_module/cmake)
-- Found PythonLibs: /usr/lib/x86_64-linux-gnu/libpython3.8.so (found suitable version "3.8.10", minimum required is "3.5") 
-- Using PYTHON_EXECUTABLE: /usr/bin/python3
-- Using PYTHON_INCLUDE_DIRS: /usr/include/python3.8
-- Using PYTHON_LIBRARIES: /usr/lib/x86_64-linux-gnu/libpython3.8.so
-- Found PythonExtra: .so  
-- Found ament_lint_auto: 0.9.8 (/opt/ros/foxy/share/ament_lint_auto/cmake)
-- Added test 'copyright' to check source files copyright and LICENSE
-- Added test 'lint_cmake' to check CMake code style
-- Added test 'xmllint' to check XML markup files
-- Configuring done
-- Generating done
-- Build files have been written to: /afs/kth.se/home/t/m/tmatty/ros2_ws/src/KTH_DD2410_Assign5_2025-main/IROB25_mobile_robot_project/assign_5_IROB_pk/build/irob_interfaces
[35m[1mScanning dependencies of target irob_interfaces__cpp[0m
[  1%] [34m[1mGenerating C code for ROS interfaces[0m
[  3%] [34m[1mGenerating C++ code for ROS interfaces[0m
[  3%] Built target irob_interfaces__cpp
[  5%] [34m[1mGenerating C++ type support dispatch for ROS interfaces[0m
[  9%] [34m[1mGenerating C++ type support for eProsima Fast-RTPS[0m
[  9%] [34m[1mGenerating C++ introspection for ROS interfaces[0m
[35m[1mScanning dependencies of target irob_interfaces__rosidl_generator_c[0m
[ 12%] [32mBuilding C object CMakeFiles/irob_interfaces__rosidl_generator_c.dir/rosidl_generator_c/irob_interfaces/srv/detail/activate__functions.c.o[0m
[ 14%] [32mBuilding C object CMakeFiles/irob_interfaces__rosidl_generator_c.dir/rosidl_generator_c/irob_interfaces/srv/detail/deactivate__functions.c.o[0m
[ 16%] [32mBuilding C object CMakeFiles/irob_interfaces__rosidl_generator_c.dir/rosidl_generator_c/irob_interfaces/srv/detail/at_goal__functions.c.o[0m
[ 16%] [32mBuilding C object CMakeFiles/irob_interfaces__rosidl_generator_c.dir/rosidl_generator_c/irob_interfaces/srv/detail/get_goal__functions.c.o[0m
[ 18%] [32m[1mLinking C shared library libirob_interfaces__rosidl_generator_c.so[0m
[ 18%] Built target irob_interfaces__rosidl_generator_c
[ 21%] [34m[1mGenerating C type support dispatch for ROS interfaces[0m
[ 21%] [34m[1mGenerating C introspection for ROS interfaces[0m
[35m[1mScanning dependencies of target irob_interfaces__rosidl_typesupport_cpp[0m
[ 29%] [32mBuilding CXX object CMakeFiles/irob_interfaces__rosidl_typesupport_cpp.dir/rosidl_typesupport_cpp/irob_interfaces/srv/deactivate__type_support.cpp.o[0m
[ 29%] [32mBuilding CXX object CMakeFiles/irob_interfaces__rosidl_typesupport_cpp.dir/rosidl_typesupport_cpp/irob_interfaces/srv/at_goal__type_support.cpp.o[0m
[ 29%] [32mBuilding CXX object CMakeFiles/irob_interfaces__rosidl_typesupport_cpp.dir/rosidl_typesupport_cpp/irob_interfaces/srv/activate__type_support.cpp.o[0m
[ 29%] [32mBuilding CXX object CMakeFiles/irob_interfaces__rosidl_typesupport_cpp.dir/rosidl_typesupport_cpp/irob_interfaces/srv/get_goal__type_support.cpp.o[0m
[35m[1mScanning dependencies of target irob_interfaces__rosidl_typesupport_introspection_cpp[0m
[ 30%] [32mBuilding CXX object CMakeFiles/irob_interfaces__rosidl_typesupport_introspection_cpp.dir/rosidl_typesupport_introspection_cpp/irob_interfaces/srv/detail/activate__type_support.cpp.o[0m
[ 36%] [32mBuilding CXX object CMakeFiles/irob_interfaces__rosidl_typesupport_introspection_cpp.dir/rosidl_typesupport_introspection_cpp/irob_interfaces/srv/detail/at_goal__type_support.cpp.o[0m
[ 36%] [32mBuilding CXX object CMakeFiles/irob_interfaces__rosidl_typesupport_introspection_cpp.dir/rosidl_typesupport_introspection_cpp/irob_interfaces/srv/detail/get_goal__type_support.cpp.o[0m
[ 36%] [32mBuilding CXX object CMakeFiles/irob_interfaces__rosidl_typesupport_introspection_cpp.dir/rosidl_typesupport_introspection_cpp/irob_interfaces/srv/detail/deactivate__type_support.cpp.o[0m
[35m[1mScanning dependencies of target irob_interfaces__rosidl_typesupport_fastrtps_cpp[0m
[ 41%] [32mBuilding CXX object CMakeFiles/irob_interfaces__rosidl_typesupport_fastrtps_cpp.dir/rosidl_typesupport_fastrtps_cpp/irob_interfaces/srv/detail/dds_fastrtps/activate__type_support.cpp.o[0m
[ 41%] [32mBuilding CXX object CMakeFiles/irob_interfaces__rosidl_typesupport_fastrtps_cpp.dir/rosidl_typesupport_fastrtps_cpp/irob_interfaces/srv/detail/dds_fastrtps/get_goal__type_support.cpp.o[0m
[ 41%] [32mBuilding CXX object CMakeFiles/irob_interfaces__rosidl_typesupport_fastrtps_cpp.dir/rosidl_typesupport_fastrtps_cpp/irob_interfaces/srv/detail/dds_fastrtps/at_goal__type_support.cpp.o[0m
[ 43%] [32mBuilding CXX object CMakeFiles/irob_interfaces__rosidl_typesupport_fastrtps_cpp.dir/rosidl_typesupport_fastrtps_cpp/irob_interfaces/srv/detail/dds_fastrtps/deactivate__type_support.cpp.o[0m
[35m[1mScanning dependencies of target irob_interfaces__rosidl_typesupport_c[0m
[ 49%] [32mBuilding CXX object CMakeFiles/irob_interfaces__rosidl_typesupport_c.dir/rosidl_typesupport_c/irob_interfaces/srv/deactivate__type_support.cpp.o[0m
[ 49%] [32mBuilding CXX object CMakeFiles/irob_interfaces__rosidl_typesupport_c.dir/rosidl_typesupport_c/irob_interfaces/srv/activate__type_support.cpp.o[0m
[ 49%] [32mBuilding CXX object CMakeFiles/irob_interfaces__rosidl_typesupport_c.dir/rosidl_typesupport_c/irob_interfaces/srv/get_goal__type_support.cpp.o[0m
[ 50%] [32mBuilding CXX object CMakeFiles/irob_interfaces__rosidl_typesupport_c.dir/rosidl_typesupport_c/irob_interfaces/srv/at_goal__type_support.cpp.o[0m
[35m[1mScanning dependencies of target irob_interfaces__rosidl_typesupport_introspection_c[0m
[ 52%] [32m[1mLinking CXX shared library libirob_interfaces__rosidl_typesupport_c.so[0m
[ 60%] [32mBuilding C object CMakeFiles/irob_interfaces__rosidl_typesupport_introspection_c.dir/rosidl_typesupport_introspection_c/irob_interfaces/srv/detail/activate__type_support.c.o[0m
[ 60%] [32mBuilding C object CMakeFiles/irob_interfaces__rosidl_typesupport_introspection_c.dir/rosidl_typesupport_introspection_c/irob_interfaces/srv/detail/at_goal__type_support.c.o[0m
[ 60%] [32mBuilding C object CMakeFiles/irob_interfaces__rosidl_typesupport_introspection_c.dir/rosidl_typesupport_introspection_c/irob_interfaces/srv/detail/deactivate__type_support.c.o[0m
[ 60%] [32mBuilding C object CMakeFiles/irob_interfaces__rosidl_typesupport_introspection_c.dir/rosidl_typesupport_introspection_c/irob_interfaces/srv/detail/get_goal__type_support.c.o[0m
[ 60%] Built target irob_interfaces__rosidl_typesupport_c
[ 61%] [32m[1mLinking C shared library libirob_interfaces__rosidl_typesupport_introspection_c.so[0m
[ 63%] [32m[1mLinking CXX shared library libirob_interfaces__rosidl_typesupport_cpp.so[0m
[ 63%] Built target irob_interfaces__rosidl_typesupport_introspection_c
[ 63%] Built target irob_interfaces__rosidl_typesupport_cpp
[ 65%] [32m[1mLinking CXX shared library libirob_interfaces__rosidl_typesupport_introspection_cpp.so[0m
[ 65%] Built target irob_interfaces__rosidl_typesupport_introspection_cpp
[ 67%] [32m[1mLinking CXX shared library libirob_interfaces__rosidl_typesupport_fastrtps_cpp.so[0m
[ 67%] Built target irob_interfaces__rosidl_typesupport_fastrtps_cpp
[ 69%] [34m[1mGenerating C type support for eProsima Fast-RTPS[0m
[35m[1mScanning dependencies of target irob_interfaces__rosidl_typesupport_fastrtps_c[0m
[ 74%] [32mBuilding CXX object CMakeFiles/irob_interfaces__rosidl_typesupport_fastrtps_c.dir/rosidl_typesupport_fastrtps_c/irob_interfaces/srv/detail/get_goal__type_support_c.cpp.o[0m
[ 74%] [32mBuilding CXX object CMakeFiles/irob_interfaces__rosidl_typesupport_fastrtps_c.dir/rosidl_typesupport_fastrtps_c/irob_interfaces/srv/detail/deactivate__type_support_c.cpp.o[0m
[ 76%] [32mBuilding CXX object CMakeFiles/irob_interfaces__rosidl_typesupport_fastrtps_c.dir/rosidl_typesupport_fastrtps_c/irob_interfaces/srv/detail/activate__type_support_c.cpp.o[0m
[ 76%] [32mBuilding CXX object CMakeFiles/irob_interfaces__rosidl_typesupport_fastrtps_c.dir/rosidl_typesupport_fastrtps_c/irob_interfaces/srv/detail/at_goal__type_support_c.cpp.o[0m
[ 78%] [32m[1mLinking CXX shared library libirob_interfaces__rosidl_typesupport_fastrtps_c.so[0m
[ 78%] Built target irob_interfaces__rosidl_typesupport_fastrtps_c
[35m[1mScanning dependencies of target irob_interfaces[0m
[ 78%] Built target irob_interfaces
[35m[1mScanning dependencies of target irob_interfaces__py[0m
[ 80%] [34m[1mGenerating Python code for ROS interfaces[0m
[ 80%] Built target irob_interfaces__py
[35m[1mScanning dependencies of target irob_interfaces__python[0m
[ 87%] [32mBuilding C object CMakeFiles/irob_interfaces__python.dir/rosidl_generator_py/irob_interfaces/srv/_get_goal_s.c.o[0m
[ 87%] [32mBuilding C object CMakeFiles/irob_interfaces__python.dir/rosidl_generator_py/irob_interfaces/srv/_activate_s.c.o[0m
[ 87%] [32mBuilding C object CMakeFiles/irob_interfaces__python.dir/rosidl_generator_py/irob_interfaces/srv/_at_goal_s.c.o[0m
[ 87%] [32mBuilding C object CMakeFiles/irob_interfaces__python.dir/rosidl_generator_py/irob_interfaces/srv/_deactivate_s.c.o[0m
[ 89%] [32m[1mLinking C shared library rosidl_generator_py/irob_interfaces/libirob_interfaces__python.so[0m
[ 89%] Built target irob_interfaces__python
[35m[1mScanning dependencies of target irob_interfaces__rosidl_typesupport_introspection_c__pyext[0m
[35m[1mScanning dependencies of target irob_interfaces__rosidl_typesupport_c__pyext[0m
[35m[1mScanning dependencies of target irob_interfaces__rosidl_typesupport_fastrtps_c__pyext[0m
[ 94%] [32mBuilding C object CMakeFiles/irob_interfaces__rosidl_typesupport_c__pyext.dir/rosidl_generator_py/irob_interfaces/_irob_interfaces_s.ep.rosidl_typesupport_c.c.o[0m
[ 94%] [32mBuilding C object CMakeFiles/irob_interfaces__rosidl_typesupport_fastrtps_c__pyext.dir/rosidl_generator_py/irob_interfaces/_irob_interfaces_s.ep.rosidl_typesupport_fastrtps_c.c.o[0m
[ 94%] [32mBuilding C object CMakeFiles/irob_interfaces__rosidl_typesupport_introspection_c__pyext.dir/rosidl_generator_py/irob_interfaces/_irob_interfaces_s.ep.rosidl_typesupport_introspection_c.c.o[0m
[ 98%] [32m[1mLinking C shared library rosidl_generator_py/irob_interfaces/irob_interfaces_s__rosidl_typesupport_introspection_c.cpython-38-x86_64-linux-gnu.so[0m
[ 98%] [32m[1mLinking C shared library rosidl_generator_py/irob_interfaces/irob_interfaces_s__rosidl_typesupport_c.cpython-38-x86_64-linux-gnu.so[0m
[100%] [32m[1mLinking CXX shared library rosidl_generator_py/irob_interfaces/irob_interfaces_s__rosidl_typesupport_fastrtps_c.cpython-38-x86_64-linux-gnu.so[0m
[100%] Built target irob_interfaces__rosidl_typesupport_introspection_c__pyext
[100%] Built target irob_interfaces__rosidl_typesupport_c__pyext
[100%] Built target irob_interfaces__rosidl_typesupport_fastrtps_c__pyext
-- Install configuration: ""
-- Installing: /afs/kth.se/home/t/m/tmatty/ros2_ws/src/KTH_DD2410_Assign5_2025-main/IROB25_mobile_robot_project/assign_5_IROB_pk/install/irob_interfaces/share/ament_index/resource_index/rosidl_interfaces/irob_interfaces
-- Installing: /afs/kth.se/home/t/m/tmatty/ros2_ws/src/KTH_DD2410_Assign5_2025-main/IROB25_mobile_robot_project/assign_5_IROB_pk/install/irob_interfaces/include/irob_interfaces
-- Installing: /afs/kth.se/home/t/m/tmatty/ros2_ws/src/KTH_DD2410_Assign5_2025-main/IROB25_mobile_robot_project/assign_5_IROB_pk/install/irob_interfaces/include/irob_interfaces/msg
-- Installing: /afs/kth.se/home/t/m/tmatty/ros2_ws/src/KTH_DD2410_Assign5_2025-main/IROB25_mobile_robot_project/assign_5_IROB_pk/install/irob_interfaces/include/irob_interfaces/msg/rosidl_generator_c__visibility_control.h
-- Installing: /afs/kth.se/home/t/m/tmatty/ros2_ws/src/KTH_DD2410_Assign5_2025-main/IROB25_mobile_robot_project/assign_5_IROB_pk/install/irob_interfaces/include/irob_interfaces/srv
-- Installing: /afs/kth.se/home/t/m/tmatty/ros2_ws/src/KTH_DD2410_Assign5_2025-main/IROB25_mobile_robot_project/assign_5_IROB_pk/install/irob_interfaces/include/irob_interfaces/srv/get_goal.h
-- Installing: /afs/kth.se/home/t/m/tmatty/ros2_ws/src/KTH_DD2410_Assign5_2025-main/IROB25_mobile_robot_project/assign_5_IROB_pk/install/irob_interfaces/include/irob_interfaces/srv/detail
-- Installing: /afs/kth.se/home/t/m/tmatty/ros2_ws/src/KTH_DD2410_Assign5_2025-main/IROB25_mobile_robot_project/assign_5_IROB_pk/install/irob_interfaces/include/irob_interfaces/srv/detail/get_goal__functions.c
-- Installing: /afs/kth.se/home/t/m/tmatty/ros2_ws/src/KTH_DD2410_Assign5_2025-main/IROB25_mobile_robot_project/assign_5_IROB_pk/install/irob_interfaces/include/irob_interfaces/srv/detail/get_goal__functions.h
-- Installing: /afs/kth.se/home/t/m/tmatty/ros2_ws/src/KTH_DD2410_Assign5_2025-main/IROB25_mobile_robot_project/assign_5_IROB_pk/install/irob_interfaces/include/irob_interfaces/srv/detail/get_goal__struct.h
-- Installing: /afs/kth.se/home/t/m/tmatty/ros2_ws/src/KTH_DD2410_Assign5_2025-main/IROB25_mobile_robot_project/assign_5_IROB_pk/install/irob_interfaces/include/irob_interfaces/srv/detail/get_goal__type_support.h
-- Installing: /afs/kth.se/home/t/m/tmatty/ros2_ws/src/KTH_DD2410_Assign5_2025-main/IROB25_mobile_robot_project/assign_5_IROB_pk/install/irob_interfaces/include/irob_interfaces/srv/detail/activate__functions.c
-- Installing: /afs/kth.se/home/t/m/tmatty/ros2_ws/src/KTH_DD2410_Assign5_2025-main/IROB25_mobile_robot_project/assign_5_IROB_pk/install/irob_interfaces/include/irob_interfaces/srv/detail/activate__functions.h
-- Installing: /afs/kth.se/home/t/m/tmatty/ros2_ws/src/KTH_DD2410_Assign5_2025-main/IROB25_mobile_robot_project/assign_5_IROB_pk/install/irob_interfaces/include/irob_interfaces/srv/detail/activate__struct.h
-- Installing: /afs/kth.se/home/t/m/tmatty/ros2_ws/src/KTH_DD2410_Assign5_2025-main/IROB25_mobile_robot_project/assign_5_IROB_pk/install/irob_interfaces/include/irob_interfaces/srv/detail/activate__type_support.h
-- Installing: /afs/kth.se/home/t/m/tmatty/ros2_ws/src/KTH_DD2410_Assign5_2025-main/IROB25_mobile_robot_project/assign_5_IROB_pk/install/irob_interfaces/include/irob_interfaces/srv/detail/deactivate__functions.c
-- Installing: /afs/kth.se/home/t/m/tmatty/ros2_ws/src/KTH_DD2410_Assign5_2025-main/IROB25_mobile_robot_project/assign_5_IROB_pk/install/irob_interfaces/include/irob_interfaces/srv/detail/deactivate__functions.h
-- Installing: /afs/kth.se/home/t/m/tmatty/ros2_ws/src/KTH_DD2410_Assign5_2025-main/IROB25_mobile_robot_project/assign_5_IROB_pk/install/irob_interfaces/include/irob_interfaces/srv/detail/deactivate__struct.h
-- Installing: /afs/kth.se/home/t/m/tmatty/ros2_ws/src/KTH_DD2410_Assign5_2025-main/IROB25_mobile_robot_project/assign_5_IROB_pk/install/irob_interfaces/include/irob_interfaces/srv/detail/deactivate__type_support.h
-- Installing: /afs/kth.se/home/t/m/tmatty/ros2_ws/src/KTH_DD2410_Assign5_2025-main/IROB25_mobile_robot_project/assign_5_IROB_pk/install/irob_interfaces/include/irob_interfaces/srv/detail/at_goal__functions.c
-- Installing: /afs/kth.se/home/t/m/tmatty/ros2_ws/src/KTH_DD2410_Assign5_2025-main/IROB25_mobile_robot_project/assign_5_IROB_pk/install/irob_interfaces/include/irob_interfaces/srv/detail/at_goal__functions.h
-- Installing: /afs/kth.se/home/t/m/tmatty/ros2_ws/src/KTH_DD2410_Assign5_2025-main/IROB25_mobile_robot_project/assign_5_IROB_pk/install/irob_interfaces/include/irob_interfaces/srv/detail/at_goal__struct.h
-- Installing: /afs/kth.se/home/t/m/tmatty/ros2_ws/src/KTH_DD2410_Assign5_2025-main/IROB25_mobile_robot_project/assign_5_IROB_pk/install/irob_interfaces/include/irob_interfaces/srv/detail/at_goal__type_support.h
-- Installing: /afs/kth.se/home/t/m/tmatty/ros2_ws/src/KTH_DD2410_Assign5_2025-main/IROB25_mobile_robot_project/assign_5_IROB_pk/install/irob_interfaces/include/irob_interfaces/srv/activate.h
-- Installing: /afs/kth.se/home/t/m/tmatty/ros2_ws/src/KTH_DD2410_Assign5_2025-main/IROB25_mobile_robot_project/assign_5_IROB_pk/install/irob_interfaces/include/irob_interfaces/srv/deactivate.h
-- Installing: /afs/kth.se/home/t/m/tmatty/ros2_ws/src/KTH_DD2410_Assign5_2025-main/IROB25_mobile_robot_project/assign_5_IROB_pk/install/irob_interfaces/include/irob_interfaces/srv/at_goal.h
-- Installing: /afs/kth.se/home/t/m/tmatty/ros2_ws/src/KTH_DD2410_Assign5_2025-main/IROB25_mobile_robot_project/assign_5_IROB_pk/install/irob_interfaces/share/irob_interfaces/environment/library_path.sh
-- Installing: /afs/kth.se/home/t/m/tmatty/ros2_ws/src/KTH_DD2410_Assign5_2025-main/IROB25_mobile_robot_project/assign_5_IROB_pk/install/irob_interfaces/share/irob_interfaces/environment/library_path.dsv
-- Installing: /afs/kth.se/home/t/m/tmatty/ros2_ws/src/KTH_DD2410_Assign5_2025-main/IROB25_mobile_robot_project/assign_5_IROB_pk/install/irob_interfaces/lib/libirob_interfaces__rosidl_generator_c.so
-- Set runtime path of "/afs/kth.se/home/t/m/tmatty/ros2_ws/src/KTH_DD2410_Assign5_2025-main/IROB25_mobile_robot_project/assign_5_IROB_pk/install/irob_interfaces/lib/libirob_interfaces__rosidl_generator_c.so" to ""
-- Up-to-date: /afs/kth.se/home/t/m/tmatty/ros2_ws/src/KTH_DD2410_Assign5_2025-main/IROB25_mobile_robot_project/assign_5_IROB_pk/install/irob_interfaces/include/irob_interfaces
-- Up-to-date: /afs/kth.se/home/t/m/tmatty/ros2_ws/src/KTH_DD2410_Assign5_2025-main/IROB25_mobile_robot_project/assign_5_IROB_pk/install/irob_interfaces/include/irob_interfaces/msg
-- Installing: /afs/kth.se/home/t/m/tmatty/ros2_ws/src/KTH_DD2410_Assign5_2025-main/IROB25_mobile_robot_project/assign_5_IROB_pk/install/irob_interfaces/include/irob_interfaces/msg/rosidl_typesupport_fastrtps_c__visibility_control.h
-- Up-to-date: /afs/kth.se/home/t/m/tmatty/ros2_ws/src/KTH_DD2410_Assign5_2025-main/IROB25_mobile_robot_project/assign_5_IROB_pk/install/irob_interfaces/include/irob_interfaces/srv
-- Up-to-date: /afs/kth.se/home/t/m/tmatty/ros2_ws/src/KTH_DD2410_Assign5_2025-main/IROB25_mobile_robot_project/assign_5_IROB_pk/install/irob_interfaces/include/irob_interfaces/srv/detail
-- Installing: /afs/kth.se/home/t/m/tmatty/ros2_ws/src/KTH_DD2410_Assign5_2025-main/IROB25_mobile_robot_project/assign_5_IROB_pk/install/irob_interfaces/include/irob_interfaces/srv/detail/get_goal__rosidl_typesupport_fastrtps_c.h
-- Installing: /afs/kth.se/home/t/m/tmatty/ros2_ws/src/KTH_DD2410_Assign5_2025-main/IROB25_mobile_robot_project/assign_5_IROB_pk/install/irob_interfaces/include/irob_interfaces/srv/detail/activate__rosidl_typesupport_fastrtps_c.h
-- Installing: /afs/kth.se/home/t/m/tmatty/ros2_ws/src/KTH_DD2410_Assign5_2025-main/IROB25_mobile_robot_project/assign_5_IROB_pk/install/irob_interfaces/include/irob_interfaces/srv/detail/deactivate__rosidl_typesupport_fastrtps_c.h
-- Installing: /afs/kth.se/home/t/m/tmatty/ros2_ws/src/KTH_DD2410_Assign5_2025-main/IROB25_mobile_robot_project/assign_5_IROB_pk/install/irob_interfaces/include/irob_interfaces/srv/detail/at_goal__rosidl_typesupport_fastrtps_c.h
-- Installing: /afs/kth.se/home/t/m/tmatty/ros2_ws/src/KTH_DD2410_Assign5_2025-main/IROB25_mobile_robot_project/assign_5_IROB_pk/install/irob_interfaces/lib/libirob_interfaces__rosidl_typesupport_fastrtps_c.so
-- Set runtime path of "/afs/kth.se/home/t/m/tmatty/ros2_ws/src/KTH_DD2410_Assign5_2025-main/IROB25_mobile_robot_project/assign_5_IROB_pk/install/irob_interfaces/lib/libirob_interfaces__rosidl_typesupport_fastrtps_c.so" to ""
-- Up-to-date: /afs/kth.se/home/t/m/tmatty/ros2_ws/src/KTH_DD2410_Assign5_2025-main/IROB25_mobile_robot_project/assign_5_IROB_pk/install/irob_interfaces/include/irob_interfaces
-- Up-to-date: /afs/kth.se/home/t/m/tmatty/ros2_ws/src/KTH_DD2410_Assign5_2025-main/IROB25_mobile_robot_project/assign_5_IROB_pk/install/irob_interfaces/include/irob_interfaces/msg
-- Installing: /afs/kth.se/home/t/m/tmatty/ros2_ws/src/KTH_DD2410_Assign5_2025-main/IROB25_mobile_robot_project/assign_5_IROB_pk/install/irob_interfaces/include/irob_interfaces/msg/rosidl_typesupport_fastrtps_cpp__visibility_control.h
-- Up-to-date: /afs/kth.se/home/t/m/tmatty/ros2_ws/src/KTH_DD2410_Assign5_2025-main/IROB25_mobile_robot_project/assign_5_IROB_pk/install/irob_interfaces/include/irob_interfaces/srv
-- Up-to-date: /afs/kth.se/home/t/m/tmatty/ros2_ws/src/KTH_DD2410_Assign5_2025-main/IROB25_mobile_robot_project/assign_5_IROB_pk/install/irob_interfaces/include/irob_interfaces/srv/detail
-- Installing: /afs/kth.se/home/t/m/tmatty/ros2_ws/src/KTH_DD2410_Assign5_2025-main/IROB25_mobile_robot_project/assign_5_IROB_pk/install/irob_interfaces/include/irob_interfaces/srv/detail/get_goal__rosidl_typesupport_fastrtps_cpp.hpp
-- Installing: /afs/kth.se/home/t/m/tmatty/ros2_ws/src/KTH_DD2410_Assign5_2025-main/IROB25_mobile_robot_project/assign_5_IROB_pk/install/irob_interfaces/include/irob_interfaces/srv/detail/dds_fastrtps
-- Installing: /afs/kth.se/home/t/m/tmatty/ros2_ws/src/KTH_DD2410_Assign5_2025-main/IROB25_mobile_robot_project/assign_5_IROB_pk/install/irob_interfaces/include/irob_interfaces/srv/detail/activate__rosidl_typesupport_fastrtps_cpp.hpp
-- Installing: /afs/kth.se/home/t/m/tmatty/ros2_ws/src/KTH_DD2410_Assign5_2025-main/IROB25_mobile_robot_project/assign_5_IROB_pk/install/irob_interfaces/include/irob_interfaces/srv/detail/deactivate__rosidl_typesupport_fastrtps_cpp.hpp
-- Installing: /afs/kth.se/home/t/m/tmatty/ros2_ws/src/KTH_DD2410_Assign5_2025-main/IROB25_mobile_robot_project/assign_5_IROB_pk/install/irob_interfaces/include/irob_interfaces/srv/detail/at_goal__rosidl_typesupport_fastrtps_cpp.hpp
-- Installing: /afs/kth.se/home/t/m/tmatty/ros2_ws/src/KTH_DD2410_Assign5_2025-main/IROB25_mobile_robot_project/assign_5_IROB_pk/install/irob_interfaces/lib/libirob_interfaces__rosidl_typesupport_fastrtps_cpp.so
-- Set runtime path of "/afs/kth.se/home/t/m/tmatty/ros2_ws/src/KTH_DD2410_Assign5_2025-main/IROB25_mobile_robot_project/assign_5_IROB_pk/install/irob_interfaces/lib/libirob_interfaces__rosidl_typesupport_fastrtps_cpp.so" to ""
-- Up-to-date: /afs/kth.se/home/t/m/tmatty/ros2_ws/src/KTH_DD2410_Assign5_2025-main/IROB25_mobile_robot_project/assign_5_IROB_pk/install/irob_interfaces/include/irob_interfaces
-- Up-to-date: /afs/kth.se/home/t/m/tmatty/ros2_ws/src/KTH_DD2410_Assign5_2025-main/IROB25_mobile_robot_project/assign_5_IROB_pk/install/irob_interfaces/include/irob_interfaces/msg
-- Installing: /afs/kth.se/home/t/m/tmatty/ros2_ws/src/KTH_DD2410_Assign5_2025-main/IROB25_mobile_robot_project/assign_5_IROB_pk/install/irob_interfaces/include/irob_interfaces/msg/rosidl_typesupport_introspection_c__visibility_control.h
-- Up-to-date: /afs/kth.se/home/t/m/tmatty/ros2_ws/src/KTH_DD2410_Assign5_2025-main/IROB25_mobile_robot_project/assign_5_IROB_pk/install/irob_interfaces/include/irob_interfaces/srv
-- Up-to-date: /afs/kth.se/home/t/m/tmatty/ros2_ws/src/KTH_DD2410_Assign5_2025-main/IROB25_mobile_robot_project/assign_5_IROB_pk/install/irob_interfaces/include/irob_interfaces/srv/detail
-- Installing: /afs/kth.se/home/t/m/tmatty/ros2_ws/src/KTH_DD2410_Assign5_2025-main/IROB25_mobile_robot_project/assign_5_IROB_pk/install/irob_interfaces/include/irob_interfaces/srv/detail/get_goal__rosidl_typesupport_introspection_c.h
-- Installing: /afs/kth.se/home/t/m/tmatty/ros2_ws/src/KTH_DD2410_Assign5_2025-main/IROB25_mobile_robot_project/assign_5_IROB_pk/install/irob_interfaces/include/irob_interfaces/srv/detail/get_goal__type_support.c
-- Installing: /afs/kth.se/home/t/m/tmatty/ros2_ws/src/KTH_DD2410_Assign5_2025-main/IROB25_mobile_robot_project/assign_5_IROB_pk/install/irob_interfaces/include/irob_interfaces/srv/detail/activate__rosidl_typesupport_introspection_c.h
-- Installing: /afs/kth.se/home/t/m/tmatty/ros2_ws/src/KTH_DD2410_Assign5_2025-main/IROB25_mobile_robot_project/assign_5_IROB_pk/install/irob_interfaces/include/irob_interfaces/srv/detail/activate__type_support.c
-- Installing: /afs/kth.se/home/t/m/tmatty/ros2_ws/src/KTH_DD2410_Assign5_2025-main/IROB25_mobile_robot_project/assign_5_IROB_pk/install/irob_interfaces/include/irob_interfaces/srv/detail/deactivate__rosidl_typesupport_introspection_c.h
-- Installing: /afs/kth.se/home/t/m/tmatty/ros2_ws/src/KTH_DD2410_Assign5_2025-main/IROB25_mobile_robot_project/assign_5_IROB_pk/install/irob_interfaces/include/irob_interfaces/srv/detail/deactivate__type_support.c
-- Installing: /afs/kth.se/home/t/m/tmatty/ros2_ws/src/KTH_DD2410_Assign5_2025-main/IROB25_mobile_robot_project/assign_5_IROB_pk/install/irob_interfaces/include/irob_interfaces/srv/detail/at_goal__rosidl_typesupport_introspection_c.h
-- Installing: /afs/kth.se/home/t/m/tmatty/ros2_ws/src/KTH_DD2410_Assign5_2025-main/IROB25_mobile_robot_project/assign_5_IROB_pk/install/irob_interfaces/include/irob_interfaces/srv/detail/at_goal__type_support.c
-- Installing: /afs/kth.se/home/t/m/tmatty/ros2_ws/src/KTH_DD2410_Assign5_2025-main/IROB25_mobile_robot_project/assign_5_IROB_pk/install/irob_interfaces/lib/libirob_interfaces__rosidl_typesupport_introspection_c.so
-- Set runtime path of "/afs/kth.se/home/t/m/tmatty/ros2_ws/src/KTH_DD2410_Assign5_2025-main/IROB25_mobile_robot_project/assign_5_IROB_pk/install/irob_interfaces/lib/libirob_interfaces__rosidl_typesupport_introspection_c.so" to ""
-- Installing: /afs/kth.se/home/t/m/tmatty/ros2_ws/src/KTH_DD2410_Assign5_2025-main/IROB25_mobile_robot_project/assign_5_IROB_pk/install/irob_interfaces/lib/libirob_interfaces__rosidl_typesupport_c.so
-- Set runtime path of "/afs/kth.se/home/t/m/tmatty/ros2_ws/src/KTH_DD2410_Assign5_2025-main/IROB25_mobile_robot_project/assign_5_IROB_pk/install/irob_interfaces/lib/libirob_interfaces__rosidl_typesupport_c.so" to ""
-- Up-to-date: /afs/kth.se/home/t/m/tmatty/ros2_ws/src/KTH_DD2410_Assign5_2025-main/IROB25_mobile_robot_project/assign_5_IROB_pk/install/irob_interfaces/include/irob_interfaces
-- Up-to-date: /afs/kth.se/home/t/m/tmatty/ros2_ws/src/KTH_DD2410_Assign5_2025-main/IROB25_mobile_robot_project/assign_5_IROB_pk/install/irob_interfaces/include/irob_interfaces/msg
-- Installing: /afs/kth.se/home/t/m/tmatty/ros2_ws/src/KTH_DD2410_Assign5_2025-main/IROB25_mobile_robot_project/assign_5_IROB_pk/install/irob_interfaces/include/irob_interfaces/msg/rosidl_generator_cpp__visibility_control.hpp
-- Up-to-date: /afs/kth.se/home/t/m/tmatty/ros2_ws/src/KTH_DD2410_Assign5_2025-main/IROB25_mobile_robot_project/assign_5_IROB_pk/install/irob_interfaces/include/irob_interfaces/srv
-- Installing: /afs/kth.se/home/t/m/tmatty/ros2_ws/src/KTH_DD2410_Assign5_2025-main/IROB25_mobile_robot_project/assign_5_IROB_pk/install/irob_interfaces/include/irob_interfaces/srv/get_goal.hpp
-- Up-to-date: /afs/kth.se/home/t/m/tmatty/ros2_ws/src/KTH_DD2410_Assign5_2025-main/IROB25_mobile_robot_project/assign_5_IROB_pk/install/irob_interfaces/include/irob_interfaces/srv/detail
-- Installing: /afs/kth.se/home/t/m/tmatty/ros2_ws/src/KTH_DD2410_Assign5_2025-main/IROB25_mobile_robot_project/assign_5_IROB_pk/install/irob_interfaces/include/irob_interfaces/srv/detail/get_goal__builder.hpp
-- Installing: /afs/kth.se/home/t/m/tmatty/ros2_ws/src/KTH_DD2410_Assign5_2025-main/IROB25_mobile_robot_project/assign_5_IROB_pk/install/irob_interfaces/include/irob_interfaces/srv/detail/get_goal__struct.hpp
-- Installing: /afs/kth.se/home/t/m/tmatty/ros2_ws/src/KTH_DD2410_Assign5_2025-main/IROB25_mobile_robot_project/assign_5_IROB_pk/install/irob_interfaces/include/irob_interfaces/srv/detail/get_goal__traits.hpp
-- Installing: /afs/kth.se/home/t/m/tmatty/ros2_ws/src/KTH_DD2410_Assign5_2025-main/IROB25_mobile_robot_project/assign_5_IROB_pk/install/irob_interfaces/include/irob_interfaces/srv/detail/get_goal__type_support.hpp
-- Installing: /afs/kth.se/home/t/m/tmatty/ros2_ws/src/KTH_DD2410_Assign5_2025-main/IROB25_mobile_robot_project/assign_5_IROB_pk/install/irob_interfaces/include/irob_interfaces/srv/detail/activate__builder.hpp
-- Installing: /afs/kth.se/home/t/m/tmatty/ros2_ws/src/KTH_DD2410_Assign5_2025-main/IROB25_mobile_robot_project/assign_5_IROB_pk/install/irob_interfaces/include/irob_interfaces/srv/detail/activate__struct.hpp
-- Installing: /afs/kth.se/home/t/m/tmatty/ros2_ws/src/KTH_DD2410_Assign5_2025-main/IROB25_mobile_robot_project/assign_5_IROB_pk/install/irob_interfaces/include/irob_interfaces/srv/detail/activate__traits.hpp
-- Installing: /afs/kth.se/home/t/m/tmatty/ros2_ws/src/KTH_DD2410_Assign5_2025-main/IROB25_mobile_robot_project/assign_5_IROB_pk/install/irob_interfaces/include/irob_interfaces/srv/detail/activate__type_support.hpp
-- Installing: /afs/kth.se/home/t/m/tmatty/ros2_ws/src/KTH_DD2410_Assign5_2025-main/IROB25_mobile_robot_project/assign_5_IROB_pk/install/irob_interfaces/include/irob_interfaces/srv/detail/deactivate__builder.hpp
-- Installing: /afs/kth.se/home/t/m/tmatty/ros2_ws/src/KTH_DD2410_Assign5_2025-main/IROB25_mobile_robot_project/assign_5_IROB_pk/install/irob_interfaces/include/irob_interfaces/srv/detail/deactivate__struct.hpp
-- Installing: /afs/kth.se/home/t/m/tmatty/ros2_ws/src/KTH_DD2410_Assign5_2025-main/IROB25_mobile_robot_project/assign_5_IROB_pk/install/irob_interfaces/include/irob_interfaces/srv/detail/deactivate__traits.hpp
-- Installing: /afs/kth.se/home/t/m/tmatty/ros2_ws/src/KTH_DD2410_Assign5_2025-main/IROB25_mobile_robot_project/assign_5_IROB_pk/install/irob_interfaces/include/irob_interfaces/srv/detail/deactivate__type_support.hpp
-- Installing: /afs/kth.se/home/t/m/tmatty/ros2_ws/src/KTH_DD2410_Assign5_2025-main/IROB25_mobile_robot_project/assign_5_IROB_pk/install/irob_interfaces/include/irob_interfaces/srv/detail/at_goal__builder.hpp
-- Installing: /afs/kth.se/home/t/m/tmatty/ros2_ws/src/KTH_DD2410_Assign5_2025-main/IROB25_mobile_robot_project/assign_5_IROB_pk/install/irob_interfaces/include/irob_interfaces/srv/detail/at_goal__struct.hpp
-- Installing: /afs/kth.se/home/t/m/tmatty/ros2_ws/src/KTH_DD2410_Assign5_2025-main/IROB25_mobile_robot_project/assign_5_IROB_pk/install/irob_interfaces/include/irob_interfaces/srv/detail/at_goal__traits.hpp
-- Installing: /afs/kth.se/home/t/m/tmatty/ros2_ws/src/KTH_DD2410_Assign5_2025-main/IROB25_mobile_robot_project/assign_5_IROB_pk/install/irob_interfaces/include/irob_interfaces/srv/detail/at_goal__type_support.hpp
-- Installing: /afs/kth.se/home/t/m/tmatty/ros2_ws/src/KTH_DD2410_Assign5_2025-main/IROB25_mobile_robot_project/assign_5_IROB_pk/install/irob_interfaces/include/irob_interfaces/srv/activate.hpp
-- Installing: /afs/kth.se/home/t/m/tmatty/ros2_ws/src/KTH_DD2410_Assign5_2025-main/IROB25_mobile_robot_project/assign_5_IROB_pk/install/irob_interfaces/include/irob_interfaces/srv/deactivate.hpp
-- Installing: /afs/kth.se/home/t/m/tmatty/ros2_ws/src/KTH_DD2410_Assign5_2025-main/IROB25_mobile_robot_project/assign_5_IROB_pk/install/irob_interfaces/include/irob_interfaces/srv/at_goal.hpp
-- Up-to-date: /afs/kth.se/home/t/m/tmatty/ros2_ws/src/KTH_DD2410_Assign5_2025-main/IROB25_mobile_robot_project/assign_5_IROB_pk/install/irob_interfaces/include/irob_interfaces
-- Up-to-date: /afs/kth.se/home/t/m/tmatty/ros2_ws/src/KTH_DD2410_Assign5_2025-main/IROB25_mobile_robot_project/assign_5_IROB_pk/install/irob_interfaces/include/irob_interfaces/srv
-- Up-to-date: /afs/kth.se/home/t/m/tmatty/ros2_ws/src/KTH_DD2410_Assign5_2025-main/IROB25_mobile_robot_project/assign_5_IROB_pk/install/irob_interfaces/include/irob_interfaces/srv/detail
-- Installing: /afs/kth.se/home/t/m/tmatty/ros2_ws/src/KTH_DD2410_Assign5_2025-main/IROB25_mobile_robot_project/assign_5_IROB_pk/install/irob_interfaces/include/irob_interfaces/srv/detail/get_goal__rosidl_typesupport_introspection_cpp.hpp
-- Installing: /afs/kth.se/home/t/m/tmatty/ros2_ws/src/KTH_DD2410_Assign5_2025-main/IROB25_mobile_robot_project/assign_5_IROB_pk/install/irob_interfaces/include/irob_interfaces/srv/detail/get_goal__type_support.cpp
-- Installing: /afs/kth.se/home/t/m/tmatty/ros2_ws/src/KTH_DD2410_Assign5_2025-main/IROB25_mobile_robot_project/assign_5_IROB_pk/install/irob_interfaces/include/irob_interfaces/srv/detail/activate__rosidl_typesupport_introspection_cpp.hpp
-- Installing: /afs/kth.se/home/t/m/tmatty/ros2_ws/src/KTH_DD2410_Assign5_2025-main/IROB25_mobile_robot_project/assign_5_IROB_pk/install/irob_interfaces/include/irob_interfaces/srv/detail/activate__type_support.cpp
-- Installing: /afs/kth.se/home/t/m/tmatty/ros2_ws/src/KTH_DD2410_Assign5_2025-main/IROB25_mobile_robot_project/assign_5_IROB_pk/install/irob_interfaces/include/irob_interfaces/srv/detail/deactivate__rosidl_typesupport_introspection_cpp.hpp
-- Installing: /afs/kth.se/home/t/m/tmatty/ros2_ws/src/KTH_DD2410_Assign5_2025-main/IROB25_mobile_robot_project/assign_5_IROB_pk/install/irob_interfaces/include/irob_interfaces/srv/detail/deactivate__type_support.cpp
-- Installing: /afs/kth.se/home/t/m/tmatty/ros2_ws/src/KTH_DD2410_Assign5_2025-main/IROB25_mobile_robot_project/assign_5_IROB_pk/install/irob_interfaces/include/irob_interfaces/srv/detail/at_goal__rosidl_typesupport_introspection_cpp.hpp
-- Installing: /afs/kth.se/home/t/m/tmatty/ros2_ws/src/KTH_DD2410_Assign5_2025-main/IROB25_mobile_robot_project/assign_5_IROB_pk/install/irob_interfaces/include/irob_interfaces/srv/detail/at_goal__type_support.cpp
-- Installing: /afs/kth.se/home/t/m/tmatty/ros2_ws/src/KTH_DD2410_Assign5_2025-main/IROB25_mobile_robot_project/assign_5_IROB_pk/install/irob_interfaces/lib/libirob_interfaces__rosidl_typesupport_introspection_cpp.so
-- Set runtime path of "/afs/kth.se/home/t/m/tmatty/ros2_ws/src/KTH_DD2410_Assign5_2025-main/IROB25_mobile_robot_project/assign_5_IROB_pk/install/irob_interfaces/lib/libirob_interfaces__rosidl_typesupport_introspection_cpp.so" to ""
-- Installing: /afs/kth.se/home/t/m/tmatty/ros2_ws/src/KTH_DD2410_Assign5_2025-main/IROB25_mobile_robot_project/assign_5_IROB_pk/install/irob_interfaces/lib/libirob_interfaces__rosidl_typesupport_cpp.so
-- Set runtime path of "/afs/kth.se/home/t/m/tmatty/ros2_ws/src/KTH_DD2410_Assign5_2025-main/IROB25_mobile_robot_project/assign_5_IROB_pk/install/irob_interfaces/lib/libirob_interfaces__rosidl_typesupport_cpp.so" to ""
-- Installing: /afs/kth.se/home/t/m/tmatty/ros2_ws/src/KTH_DD2410_Assign5_2025-main/IROB25_mobile_robot_project/assign_5_IROB_pk/install/irob_interfaces/share/irob_interfaces/environment/pythonpath.sh
-- Installing: /afs/kth.se/home/t/m/tmatty/ros2_ws/src/KTH_DD2410_Assign5_2025-main/IROB25_mobile_robot_project/assign_5_IROB_pk/install/irob_interfaces/share/irob_interfaces/environment/pythonpath.dsv
-- Installing: /afs/kth.se/home/t/m/tmatty/ros2_ws/src/KTH_DD2410_Assign5_2025-main/IROB25_mobile_robot_project/assign_5_IROB_pk/install/irob_interfaces/lib/python3.8/site-packages/irob_interfaces/__init__.py
Compiling '/afs/kth.se/home/t/m/tmatty/ros2_ws/src/KTH_DD2410_Assign5_2025-main/IROB25_mobile_robot_project/assign_5_IROB_pk/install/irob_interfaces/lib/python3.8/site-packages/irob_interfaces/__init__.py'...
-- Installing: /afs/kth.se/home/t/m/tmatty/ros2_ws/src/KTH_DD2410_Assign5_2025-main/IROB25_mobile_robot_project/assign_5_IROB_pk/install/irob_interfaces/lib/python3.8/site-packages/irob_interfaces/srv
-- Installing: /afs/kth.se/home/t/m/tmatty/ros2_ws/src/KTH_DD2410_Assign5_2025-main/IROB25_mobile_robot_project/assign_5_IROB_pk/install/irob_interfaces/lib/python3.8/site-packages/irob_interfaces/srv/_get_goal.py
-- Installing: /afs/kth.se/home/t/m/tmatty/ros2_ws/src/KTH_DD2410_Assign5_2025-main/IROB25_mobile_robot_project/assign_5_IROB_pk/install/irob_interfaces/lib/python3.8/site-packages/irob_interfaces/srv/_get_goal_s.c
-- Installing: /afs/kth.se/home/t/m/tmatty/ros2_ws/src/KTH_DD2410_Assign5_2025-main/IROB25_mobile_robot_project/assign_5_IROB_pk/install/irob_interfaces/lib/python3.8/site-packages/irob_interfaces/srv/_activate.py
-- Installing: /afs/kth.se/home/t/m/tmatty/ros2_ws/src/KTH_DD2410_Assign5_2025-main/IROB25_mobile_robot_project/assign_5_IROB_pk/install/irob_interfaces/lib/python3.8/site-packages/irob_interfaces/srv/_activate_s.c
-- Installing: /afs/kth.se/home/t/m/tmatty/ros2_ws/src/KTH_DD2410_Assign5_2025-main/IROB25_mobile_robot_project/assign_5_IROB_pk/install/irob_interfaces/lib/python3.8/site-packages/irob_interfaces/srv/_deactivate.py
-- Installing: /afs/kth.se/home/t/m/tmatty/ros2_ws/src/KTH_DD2410_Assign5_2025-main/IROB25_mobile_robot_project/assign_5_IROB_pk/install/irob_interfaces/lib/python3.8/site-packages/irob_interfaces/srv/_deactivate_s.c
-- Installing: /afs/kth.se/home/t/m/tmatty/ros2_ws/src/KTH_DD2410_Assign5_2025-main/IROB25_mobile_robot_project/assign_5_IROB_pk/install/irob_interfaces/lib/python3.8/site-packages/irob_interfaces/srv/_at_goal.py
-- Installing: /afs/kth.se/home/t/m/tmatty/ros2_ws/src/KTH_DD2410_Assign5_2025-main/IROB25_mobile_robot_project/assign_5_IROB_pk/install/irob_interfaces/lib/python3.8/site-packages/irob_interfaces/srv/_at_goal_s.c
-- Installing: /afs/kth.se/home/t/m/tmatty/ros2_ws/src/KTH_DD2410_Assign5_2025-main/IROB25_mobile_robot_project/assign_5_IROB_pk/install/irob_interfaces/lib/python3.8/site-packages/irob_interfaces/srv/__init__.py
-- Installing: /afs/kth.se/home/t/m/tmatty/ros2_ws/src/KTH_DD2410_Assign5_2025-main/IROB25_mobile_robot_project/assign_5_IROB_pk/install/irob_interfaces/lib/python3.8/site-packages/irob_interfaces/irob_interfaces_s__rosidl_typesupport_fastrtps_c.cpython-38-x86_64-linux-gnu.so
-- Set runtime path of "/afs/kth.se/home/t/m/tmatty/ros2_ws/src/KTH_DD2410_Assign5_2025-main/IROB25_mobile_robot_project/assign_5_IROB_pk/install/irob_interfaces/lib/python3.8/site-packages/irob_interfaces/irob_interfaces_s__rosidl_typesupport_fastrtps_c.cpython-38-x86_64-linux-gnu.so" to ""
-- Installing: /afs/kth.se/home/t/m/tmatty/ros2_ws/src/KTH_DD2410_Assign5_2025-main/IROB25_mobile_robot_project/assign_5_IROB_pk/install/irob_interfaces/lib/python3.8/site-packages/irob_interfaces/irob_interfaces_s__rosidl_typesupport_introspection_c.cpython-38-x86_64-linux-gnu.so
-- Set runtime path of "/afs/kth.se/home/t/m/tmatty/ros2_ws/src/KTH_DD2410_Assign5_2025-main/IROB25_mobile_robot_project/assign_5_IROB_pk/install/irob_interfaces/lib/python3.8/site-packages/irob_interfaces/irob_interfaces_s__rosidl_typesupport_introspection_c.cpython-38-x86_64-linux-gnu.so" to ""
-- Installing: /afs/kth.se/home/t/m/tmatty/ros2_ws/src/KTH_DD2410_Assign5_2025-main/IROB25_mobile_robot_project/assign_5_IROB_pk/install/irob_interfaces/lib/python3.8/site-packages/irob_interfaces/irob_interfaces_s__rosidl_typesupport_c.cpython-38-x86_64-linux-gnu.so
-- Set runtime path of "/afs/kth.se/home/t/m/tmatty/ros2_ws/src/KTH_DD2410_Assign5_2025-main/IROB25_mobile_robot_project/assign_5_IROB_pk/install/irob_interfaces/lib/python3.8/site-packages/irob_interfaces/irob_interfaces_s__rosidl_typesupport_c.cpython-38-x86_64-linux-gnu.so" to ""
-- Installing: /afs/kth.se/home/t/m/tmatty/ros2_ws/src/KTH_DD2410_Assign5_2025-main/IROB25_mobile_robot_project/assign_5_IROB_pk/install/irob_interfaces/lib/libirob_interfaces__python.so
-- Set runtime path of "/afs/kth.se/home/t/m/tmatty/ros2_ws/src/KTH_DD2410_Assign5_2025-main/IROB25_mobile_robot_project/assign_5_IROB_pk/install/irob_interfaces/lib/libirob_interfaces__python.so" to ""
-- Installing: /afs/kth.se/home/t/m/tmatty/ros2_ws/src/KTH_DD2410_Assign5_2025-main/IROB25_mobile_robot_project/assign_5_IROB_pk/install/irob_interfaces/share/irob_interfaces/srv/GetGoal.idl
-- Installing: /afs/kth.se/home/t/m/tmatty/ros2_ws/src/KTH_DD2410_Assign5_2025-main/IROB25_mobile_robot_project/assign_5_IROB_pk/install/irob_interfaces/share/irob_interfaces/srv/Activate.idl
-- Installing: /afs/kth.se/home/t/m/tmatty/ros2_ws/src/KTH_DD2410_Assign5_2025-main/IROB25_mobile_robot_project/assign_5_IROB_pk/install/irob_interfaces/share/irob_interfaces/srv/Deactivate.idl
-- Installing: /afs/kth.se/home/t/m/tmatty/ros2_ws/src/KTH_DD2410_Assign5_2025-main/IROB25_mobile_robot_project/assign_5_IROB_pk/install/irob_interfaces/share/irob_interfaces/srv/AtGoal.idl
-- Installing: /afs/kth.se/home/t/m/tmatty/ros2_ws/src/KTH_DD2410_Assign5_2025-main/IROB25_mobile_robot_project/assign_5_IROB_pk/install/irob_interfaces/share/irob_interfaces/srv/GetGoal.srv
-- Installing: /afs/kth.se/home/t/m/tmatty/ros2_ws/src/KTH_DD2410_Assign5_2025-main/IROB25_mobile_robot_project/assign_5_IROB_pk/install/irob_interfaces/share/irob_interfaces/srv/GetGoal_Request.msg
-- Installing: /afs/kth.se/home/t/m/tmatty/ros2_ws/src/KTH_DD2410_Assign5_2025-main/IROB25_mobile_robot_project/assign_5_IROB_pk/install/irob_interfaces/share/irob_interfaces/srv/GetGoal_Response.msg
-- Installing: /afs/kth.se/home/t/m/tmatty/ros2_ws/src/KTH_DD2410_Assign5_2025-main/IROB25_mobile_robot_project/assign_5_IROB_pk/install/irob_interfaces/share/irob_interfaces/srv/Activate.srv
-- Installing: /afs/kth.se/home/t/m/tmatty/ros2_ws/src/KTH_DD2410_Assign5_2025-main/IROB25_mobile_robot_project/assign_5_IROB_pk/install/irob_interfaces/share/irob_interfaces/srv/Activate_Request.msg
-- Installing: /afs/kth.se/home/t/m/tmatty/ros2_ws/src/KTH_DD2410_Assign5_2025-main/IROB25_mobile_robot_project/assign_5_IROB_pk/install/irob_interfaces/share/irob_interfaces/srv/Activate_Response.msg
-- Installing: /afs/kth.se/home/t/m/tmatty/ros2_ws/src/KTH_DD2410_Assign5_2025-main/IROB25_mobile_robot_project/assign_5_IROB_pk/install/irob_interfaces/share/irob_interfaces/srv/Deactivate.srv
-- Installing: /afs/kth.se/home/t/m/tmatty/ros2_ws/src/KTH_DD2410_Assign5_2025-main/IROB25_mobile_robot_project/assign_5_IROB_pk/install/irob_interfaces/share/irob_interfaces/srv/Deactivate_Request.msg
-- Installing: /afs/kth.se/home/t/m/tmatty/ros2_ws/src/KTH_DD2410_Assign5_2025-main/IROB25_mobile_robot_project/assign_5_IROB_pk/install/irob_interfaces/share/irob_interfaces/srv/Deactivate_Response.msg
-- Installing: /afs/kth.se/home/t/m/tmatty/ros2_ws/src/KTH_DD2410_Assign5_2025-main/IROB25_mobile_robot_project/assign_5_IROB_pk/install/irob_interfaces/share/irob_interfaces/srv/AtGoal.srv
-- Installing: /afs/kth.se/home/t/m/tmatty/ros2_ws/src/KTH_DD2410_Assign5_2025-main/IROB25_mobile_robot_project/assign_5_IROB_pk/install/irob_interfaces/share/irob_interfaces/srv/AtGoal_Request.msg
-- Installing: /afs/kth.se/home/t/m/tmatty/ros2_ws/src/KTH_DD2410_Assign5_2025-main/IROB25_mobile_robot_project/assign_5_IROB_pk/install/irob_interfaces/share/irob_interfaces/srv/AtGoal_Response.msg
-- Installing: /afs/kth.se/home/t/m/tmatty/ros2_ws/src/KTH_DD2410_Assign5_2025-main/IROB25_mobile_robot_project/assign_5_IROB_pk/install/irob_interfaces/share/ament_index/resource_index/package_run_dependencies/irob_interfaces
-- Installing: /afs/kth.se/home/t/m/tmatty/ros2_ws/src/KTH_DD2410_Assign5_2025-main/IROB25_mobile_robot_project/assign_5_IROB_pk/install/irob_interfaces/share/ament_index/resource_index/parent_prefix_path/irob_interfaces
-- Installing: /afs/kth.se/home/t/m/tmatty/ros2_ws/src/KTH_DD2410_Assign5_2025-main/IROB25_mobile_robot_project/assign_5_IROB_pk/install/irob_interfaces/share/irob_interfaces/environment/ament_prefix_path.sh
-- Installing: /afs/kth.se/home/t/m/tmatty/ros2_ws/src/KTH_DD2410_Assign5_2025-main/IROB25_mobile_robot_project/assign_5_IROB_pk/install/irob_interfaces/share/irob_interfaces/environment/ament_prefix_path.dsv
-- Installing: /afs/kth.se/home/t/m/tmatty/ros2_ws/src/KTH_DD2410_Assign5_2025-main/IROB25_mobile_robot_project/assign_5_IROB_pk/install/irob_interfaces/share/irob_interfaces/environment/path.sh
-- Installing: /afs/kth.se/home/t/m/tmatty/ros2_ws/src/KTH_DD2410_Assign5_2025-main/IROB25_mobile_robot_project/assign_5_IROB_pk/install/irob_interfaces/share/irob_interfaces/environment/path.dsv
-- Installing: /afs/kth.se/home/t/m/tmatty/ros2_ws/src/KTH_DD2410_Assign5_2025-main/IROB25_mobile_robot_project/assign_5_IROB_pk/install/irob_interfaces/share/irob_interfaces/local_setup.bash
-- Installing: /afs/kth.se/home/t/m/tmatty/ros2_ws/src/KTH_DD2410_Assign5_2025-main/IROB25_mobile_robot_project/assign_5_IROB_pk/install/irob_interfaces/share/irob_interfaces/local_setup.sh
-- Installing: /afs/kth.se/home/t/m/tmatty/ros2_ws/src/KTH_DD2410_Assign5_2025-main/IROB25_mobile_robot_project/assign_5_IROB_pk/install/irob_interfaces/share/irob_interfaces/local_setup.zsh
-- Installing: /afs/kth.se/home/t/m/tmatty/ros2_ws/src/KTH_DD2410_Assign5_2025-main/IROB25_mobile_robot_project/assign_5_IROB_pk/install/irob_interfaces/share/irob_interfaces/local_setup.dsv
-- Installing: /afs/kth.se/home/t/m/tmatty/ros2_ws/src/KTH_DD2410_Assign5_2025-main/IROB25_mobile_robot_project/assign_5_IROB_pk/install/irob_interfaces/share/irob_interfaces/package.dsv
-- Installing: /afs/kth.se/home/t/m/tmatty/ros2_ws/src/KTH_DD2410_Assign5_2025-main/IROB25_mobile_robot_project/assign_5_IROB_pk/install/irob_interfaces/share/ament_index/resource_index/packages/irob_interfaces
-- Installing: /afs/kth.se/home/t/m/tmatty/ros2_ws/src/KTH_DD2410_Assign5_2025-main/IROB25_mobile_robot_project/assign_5_IROB_pk/install/irob_interfaces/share/irob_interfaces/cmake/irob_interfaces__rosidl_generator_cExport.cmake
-- Installing: /afs/kth.se/home/t/m/tmatty/ros2_ws/src/KTH_DD2410_Assign5_2025-main/IROB25_mobile_robot_project/assign_5_IROB_pk/install/irob_interfaces/share/irob_interfaces/cmake/irob_interfaces__rosidl_generator_cExport-noconfig.cmake
-- Installing: /afs/kth.se/home/t/m/tmatty/ros2_ws/src/KTH_DD2410_Assign5_2025-main/IROB25_mobile_robot_project/assign_5_IROB_pk/install/irob_interfaces/share/irob_interfaces/cmake/irob_interfaces__rosidl_typesupport_introspection_cExport.cmake
-- Installing: /afs/kth.se/home/t/m/tmatty/ros2_ws/src/KTH_DD2410_Assign5_2025-main/IROB25_mobile_robot_project/assign_5_IROB_pk/install/irob_interfaces/share/irob_interfaces/cmake/irob_interfaces__rosidl_typesupport_introspection_cExport-noconfig.cmake
-- Installing: /afs/kth.se/home/t/m/tmatty/ros2_ws/src/KTH_DD2410_Assign5_2025-main/IROB25_mobile_robot_project/assign_5_IROB_pk/install/irob_interfaces/share/irob_interfaces/cmake/irob_interfaces__rosidl_typesupport_cExport.cmake
-- Installing: /afs/kth.se/home/t/m/tmatty/ros2_ws/src/KTH_DD2410_Assign5_2025-main/IROB25_mobile_robot_project/assign_5_IROB_pk/install/irob_interfaces/share/irob_interfaces/cmake/irob_interfaces__rosidl_typesupport_cExport-noconfig.cmake
-- Installing: /afs/kth.se/home/t/m/tmatty/ros2_ws/src/KTH_DD2410_Assign5_2025-main/IROB25_mobile_robot_project/assign_5_IROB_pk/install/irob_interfaces/share/irob_interfaces/cmake/irob_interfaces__rosidl_generator_cppExport.cmake
-- Installing: /afs/kth.se/home/t/m/tmatty/ros2_ws/src/KTH_DD2410_Assign5_2025-main/IROB25_mobile_robot_project/assign_5_IROB_pk/install/irob_interfaces/share/irob_interfaces/cmake/irob_interfaces__rosidl_typesupport_introspection_cppExport.cmake
-- Installing: /afs/kth.se/home/t/m/tmatty/ros2_ws/src/KTH_DD2410_Assign5_2025-main/IROB25_mobile_robot_project/assign_5_IROB_pk/install/irob_interfaces/share/irob_interfaces/cmake/irob_interfaces__rosidl_typesupport_introspection_cppExport-noconfig.cmake
-- Installing: /afs/kth.se/home/t/m/tmatty/ros2_ws/src/KTH_DD2410_Assign5_2025-main/IROB25_mobile_robot_project/assign_5_IROB_pk/install/irob_interfaces/share/irob_interfaces/cmake/irob_interfaces__rosidl_typesupport_cppExport.cmake
-- Installing: /afs/kth.se/home/t/m/tmatty/ros2_ws/src/KTH_DD2410_Assign5_2025-main/IROB25_mobile_robot_project/assign_5_IROB_pk/install/irob_interfaces/share/irob_interfaces/cmake/irob_interfaces__rosidl_typesupport_cppExport-noconfig.cmake
-- Installing: /afs/kth.se/home/t/m/tmatty/ros2_ws/src/KTH_DD2410_Assign5_2025-main/IROB25_mobile_robot_project/assign_5_IROB_pk/install/irob_interfaces/share/irob_interfaces/cmake/rosidl_cmake-extras.cmake
-- Installing: /afs/kth.se/home/t/m/tmatty/ros2_ws/src/KTH_DD2410_Assign5_2025-main/IROB25_mobile_robot_project/assign_5_IROB_pk/install/irob_interfaces/share/irob_interfaces/cmake/ament_cmake_export_dependencies-extras.cmake
-- Installing: /afs/kth.se/home/t/m/tmatty/ros2_ws/src/KTH_DD2410_Assign5_2025-main/IROB25_mobile_robot_project/assign_5_IROB_pk/install/irob_interfaces/share/irob_interfaces/cmake/ament_cmake_export_libraries-extras.cmake
-- Installing: /afs/kth.se/home/t/m/tmatty/ros2_ws/src/KTH_DD2410_Assign5_2025-main/IROB25_mobile_robot_project/assign_5_IROB_pk/install/irob_interfaces/share/irob_interfaces/cmake/ament_cmake_export_targets-extras.cmake
-- Installing: /afs/kth.se/home/t/m/tmatty/ros2_ws/src/KTH_DD2410_Assign5_2025-main/IROB25_mobile_robot_project/assign_5_IROB_pk/install/irob_interfaces/share/irob_interfaces/cmake/ament_cmake_export_include_directories-extras.cmake
-- Installing: /afs/kth.se/home/t/m/tmatty/ros2_ws/src/KTH_DD2410_Assign5_2025-main/IROB25_mobile_robot_project/assign_5_IROB_pk/install/irob_interfaces/share/irob_interfaces/cmake/rosidl_cmake_export_typesupport_libraries-extras.cmake
-- Installing: /afs/kth.se/home/t/m/tmatty/ros2_ws/src/KTH_DD2410_Assign5_2025-main/IROB25_mobile_robot_project/assign_5_IROB_pk/install/irob_interfaces/share/irob_interfaces/cmake/rosidl_cmake_export_typesupport_targets-extras.cmake
-- Installing: /afs/kth.se/home/t/m/tmatty/ros2_ws/src/KTH_DD2410_Assign5_2025-main/IROB25_mobile_robot_project/assign_5_IROB_pk/install/irob_interfaces/share/irob_interfaces/cmake/irob_interfacesConfig.cmake
-- Installing: /afs/kth.se/home/t/m/tmatty/ros2_ws/src/KTH_DD2410_Assign5_2025-main/IROB25_mobile_robot_project/assign_5_IROB_pk/install/irob_interfaces/share/irob_interfaces/cmake/irob_interfacesConfig-version.cmake
-- Installing: /afs/kth.se/home/t/m/tmatty/ros2_ws/src/KTH_DD2410_Assign5_2025-main/IROB25_mobile_robot_project/assign_5_IROB_pk/install/irob_interfaces/share/irob_interfaces/package.xml
