[0.025s] Invoking command in '/afs/kth.se/home/t/m/tmatty/ros2_ws/src/KTH_DD2410_Assign5_2025-main/IROB25_mobile_robot_project/assign_5_IROB_pk/build/irob_interfaces': CMAKE_PREFIX_PATH=${CMAKE_PREFIX_PATH}:/home/t/m/tmatty/ros2_ws/install/irob_assignment_5:/afs/kth.se/home/t/m/tmatty/install/python_parameters:/afs/kth.se/home/t/m/tmatty/install/kinematics_assignment:/afs/kth.se/home/t/m/tmatty/install/irob_assignment_1:/opt/ros/foxy /usr/bin/cmake /afs/kth.se/home/t/m/tmatty/ros2_ws/src/KTH_DD2410_Assign5_2025-main/IROB25_mobile_robot_project/assign_5_IROB_pk/src/irob_interfaces -DCMAKE_INSTALL_PREFIX=/afs/kth.se/home/t/m/tmatty/ros2_ws/src/KTH_DD2410_Assign5_2025-main/IROB25_mobile_robot_project/assign_5_IROB_pk/install/irob_interfaces
[0.160s] -- The C compiler identification is GNU 9.4.0
[0.317s] -- The CXX compiler identification is GNU 9.4.0
[0.335s] -- Check for working C compiler: /usr/bin/cc
[0.568s] -- Check for working C compiler: /usr/bin/cc -- works
[0.571s] -- Detecting C compiler ABI info
[0.818s] -- Detecting C compiler ABI info - done
[0.855s] -- Detecting C compile features
[0.856s] -- Detecting C compile features - done
[0.872s] -- Check for working CXX compiler: /usr/bin/c++
[1.150s] -- Check for working CXX compiler: /usr/bin/c++ -- works
[1.156s] -- Detecting CXX compiler ABI info
[1.436s] -- Detecting CXX compiler ABI info - done
[1.476s] -- Detecting CXX compile features
[1.478s] -- Detecting CXX compile features - done
[1.498s] -- Found ament_cmake: 0.9.12 (/opt/ros/foxy/share/ament_cmake/cmake)
[1.576s] -- Found PythonInterp: /usr/bin/python3 (found suitable version "3.8.10", minimum required is "3") 
[1.577s] -- Using PYTHON_EXECUTABLE: /usr/bin/python3
[1.916s] -- Found rosidl_default_generators: 1.0.1 (/opt/ros/foxy/share/rosidl_default_generators/cmake)
[1.926s] -- Using all available rosidl_typesupport_c: rosidl_typesupport_fastrtps_c;rosidl_typesupport_introspection_c
[1.937s] -- Found rosidl_adapter: 1.3.1 (/opt/ros/foxy/share/rosidl_adapter/cmake)
[2.094s] -- Found OpenSSL: /usr/lib/x86_64-linux-gnu/libcrypto.so (found version "1.1.1f")  
[2.153s] -- Found FastRTPS: /opt/ros/foxy/include  
[2.239s] -- Using all available rosidl_typesupport_cpp: rosidl_typesupport_fastrtps_cpp;rosidl_typesupport_introspection_cpp
[2.316s] -- Found PythonInterp: /usr/bin/python3 (found version "3.8.10") 
[2.684s] -- Found ament_cmake_ros: 0.9.2 (/opt/ros/foxy/share/ament_cmake_ros/cmake)
[2.939s] -- Using all available rosidl_typesupport_c: rosidl_typesupport_fastrtps_c;rosidl_typesupport_introspection_c
[3.023s] -- Using all available rosidl_typesupport_cpp: rosidl_typesupport_fastrtps_cpp;rosidl_typesupport_introspection_cpp
[3.059s] -- Found PythonInterp: /usr/bin/python3 (found suitable version "3.8.10", minimum required is "3.5") 
[3.066s] -- Found python_cmake_module: 0.8.1 (/opt/ros/foxy/share/python_cmake_module/cmake)
[3.121s] -- Found PythonLibs: /usr/lib/x86_64-linux-gnu/libpython3.8.so (found suitable version "3.8.10", minimum required is "3.5") 
[3.121s] -- Using PYTHON_EXECUTABLE: /usr/bin/python3
[3.121s] -- Using PYTHON_INCLUDE_DIRS: /usr/include/python3.8
[3.121s] -- Using PYTHON_LIBRARIES: /usr/lib/x86_64-linux-gnu/libpython3.8.so
[3.150s] -- Found PythonExtra: .so  
[3.282s] -- Found ament_lint_auto: 0.9.8 (/opt/ros/foxy/share/ament_lint_auto/cmake)
[3.423s] -- Added test 'copyright' to check source files copyright and LICENSE
[3.434s] -- Added test 'lint_cmake' to check CMake code style
[3.441s] -- Added test 'xmllint' to check XML markup files
[3.502s] -- Configuring done
[3.789s] -- Generating done
[3.879s] -- Build files have been written to: /afs/kth.se/home/t/m/tmatty/ros2_ws/src/KTH_DD2410_Assign5_2025-main/IROB25_mobile_robot_project/assign_5_IROB_pk/build/irob_interfaces
[3.884s] Invoked command in '/afs/kth.se/home/t/m/tmatty/ros2_ws/src/KTH_DD2410_Assign5_2025-main/IROB25_mobile_robot_project/assign_5_IROB_pk/build/irob_interfaces' returned '0': CMAKE_PREFIX_PATH=${CMAKE_PREFIX_PATH}:/home/t/m/tmatty/ros2_ws/install/irob_assignment_5:/afs/kth.se/home/t/m/tmatty/install/python_parameters:/afs/kth.se/home/t/m/tmatty/install/kinematics_assignment:/afs/kth.se/home/t/m/tmatty/install/irob_assignment_1:/opt/ros/foxy /usr/bin/cmake /afs/kth.se/home/t/m/tmatty/ros2_ws/src/KTH_DD2410_Assign5_2025-main/IROB25_mobile_robot_project/assign_5_IROB_pk/src/irob_interfaces -DCMAKE_INSTALL_PREFIX=/afs/kth.se/home/t/m/tmatty/ros2_ws/src/KTH_DD2410_Assign5_2025-main/IROB25_mobile_robot_project/assign_5_IROB_pk/install/irob_interfaces
[3.887s] Invoking command in '/afs/kth.se/home/t/m/tmatty/ros2_ws/src/KTH_DD2410_Assign5_2025-main/IROB25_mobile_robot_project/assign_5_IROB_pk/build/irob_interfaces': CMAKE_PREFIX_PATH=${CMAKE_PREFIX_PATH}:/home/t/m/tmatty/ros2_ws/install/irob_assignment_5:/afs/kth.se/home/t/m/tmatty/install/python_parameters:/afs/kth.se/home/t/m/tmatty/install/kinematics_assignment:/afs/kth.se/home/t/m/tmatty/install/irob_assignment_1:/opt/ros/foxy /usr/bin/cmake --build /afs/kth.se/home/t/m/tmatty/ros2_ws/src/KTH_DD2410_Assign5_2025-main/IROB25_mobile_robot_project/assign_5_IROB_pk/build/irob_interfaces -- -j16 -l16
[3.984s] [35m[1mScanning dependencies of target irob_interfaces__cpp[0m
[3.986s] [  1%] [34m[1mGenerating C code for ROS interfaces[0m
[4.018s] [  3%] [34m[1mGenerating C++ code for ROS interfaces[0m
[4.485s] [  3%] Built target irob_interfaces__cpp
[4.501s] [  5%] [34m[1mGenerating C++ type support dispatch for ROS interfaces[0m
[4.504s] [  9%] [34m[1mGenerating C++ type support for eProsima Fast-RTPS[0m
[4.504s] [  9%] [34m[1mGenerating C++ introspection for ROS interfaces[0m
[4.511s] [35m[1mScanning dependencies of target irob_interfaces__rosidl_generator_c[0m
[4.546s] [ 12%] [32mBuilding C object CMakeFiles/irob_interfaces__rosidl_generator_c.dir/rosidl_generator_c/irob_interfaces/srv/detail/activate__functions.c.o[0m
[4.546s] [ 14%] [32mBuilding C object CMakeFiles/irob_interfaces__rosidl_generator_c.dir/rosidl_generator_c/irob_interfaces/srv/detail/deactivate__functions.c.o[0m
[4.547s] [ 16%] [32mBuilding C object CMakeFiles/irob_interfaces__rosidl_generator_c.dir/rosidl_generator_c/irob_interfaces/srv/detail/at_goal__functions.c.o[0m
[4.547s] [ 16%] [32mBuilding C object CMakeFiles/irob_interfaces__rosidl_generator_c.dir/rosidl_generator_c/irob_interfaces/srv/detail/get_goal__functions.c.o[0m
[4.604s] [ 18%] [32m[1mLinking C shared library libirob_interfaces__rosidl_generator_c.so[0m
[4.648s] [ 18%] Built target irob_interfaces__rosidl_generator_c
[4.660s] [ 21%] [34m[1mGenerating C type support dispatch for ROS interfaces[0m
[4.660s] [ 21%] [34m[1mGenerating C introspection for ROS interfaces[0m
[4.823s] [35m[1mScanning dependencies of target irob_interfaces__rosidl_typesupport_cpp[0m
[4.861s] [ 29%] [32mBuilding CXX object CMakeFiles/irob_interfaces__rosidl_typesupport_cpp.dir/rosidl_typesupport_cpp/irob_interfaces/srv/deactivate__type_support.cpp.o[0m
[4.861s] [ 29%] [32mBuilding CXX object CMakeFiles/irob_interfaces__rosidl_typesupport_cpp.dir/rosidl_typesupport_cpp/irob_interfaces/srv/at_goal__type_support.cpp.o[0m
[4.862s] [ 29%] [32mBuilding CXX object CMakeFiles/irob_interfaces__rosidl_typesupport_cpp.dir/rosidl_typesupport_cpp/irob_interfaces/srv/activate__type_support.cpp.o[0m
[4.862s] [ 29%] [32mBuilding CXX object CMakeFiles/irob_interfaces__rosidl_typesupport_cpp.dir/rosidl_typesupport_cpp/irob_interfaces/srv/get_goal__type_support.cpp.o[0m
[4.875s] [35m[1mScanning dependencies of target irob_interfaces__rosidl_typesupport_introspection_cpp[0m
[4.905s] [ 30%] [32mBuilding CXX object CMakeFiles/irob_interfaces__rosidl_typesupport_introspection_cpp.dir/rosidl_typesupport_introspection_cpp/irob_interfaces/srv/detail/activate__type_support.cpp.o[0m
[4.908s] [ 36%] [32mBuilding CXX object CMakeFiles/irob_interfaces__rosidl_typesupport_introspection_cpp.dir/rosidl_typesupport_introspection_cpp/irob_interfaces/srv/detail/at_goal__type_support.cpp.o[0m
[4.908s] [ 36%] [32mBuilding CXX object CMakeFiles/irob_interfaces__rosidl_typesupport_introspection_cpp.dir/rosidl_typesupport_introspection_cpp/irob_interfaces/srv/detail/get_goal__type_support.cpp.o[0m
[4.908s] [ 36%] [32mBuilding CXX object CMakeFiles/irob_interfaces__rosidl_typesupport_introspection_cpp.dir/rosidl_typesupport_introspection_cpp/irob_interfaces/srv/detail/deactivate__type_support.cpp.o[0m
[4.944s] [35m[1mScanning dependencies of target irob_interfaces__rosidl_typesupport_fastrtps_cpp[0m
[4.988s] [ 41%] [32mBuilding CXX object CMakeFiles/irob_interfaces__rosidl_typesupport_fastrtps_cpp.dir/rosidl_typesupport_fastrtps_cpp/irob_interfaces/srv/detail/dds_fastrtps/activate__type_support.cpp.o[0m
[4.988s] [ 41%] [32mBuilding CXX object CMakeFiles/irob_interfaces__rosidl_typesupport_fastrtps_cpp.dir/rosidl_typesupport_fastrtps_cpp/irob_interfaces/srv/detail/dds_fastrtps/get_goal__type_support.cpp.o[0m
[4.988s] [ 41%] [32mBuilding CXX object CMakeFiles/irob_interfaces__rosidl_typesupport_fastrtps_cpp.dir/rosidl_typesupport_fastrtps_cpp/irob_interfaces/srv/detail/dds_fastrtps/at_goal__type_support.cpp.o[0m
[4.998s] [ 43%] [32mBuilding CXX object CMakeFiles/irob_interfaces__rosidl_typesupport_fastrtps_cpp.dir/rosidl_typesupport_fastrtps_cpp/irob_interfaces/srv/detail/dds_fastrtps/deactivate__type_support.cpp.o[0m
[5.003s] [35m[1mScanning dependencies of target irob_interfaces__rosidl_typesupport_c[0m
[5.040s] [ 49%] [32mBuilding CXX object CMakeFiles/irob_interfaces__rosidl_typesupport_c.dir/rosidl_typesupport_c/irob_interfaces/srv/deactivate__type_support.cpp.o[0m
[5.040s] [ 49%] [32mBuilding CXX object CMakeFiles/irob_interfaces__rosidl_typesupport_c.dir/rosidl_typesupport_c/irob_interfaces/srv/activate__type_support.cpp.o[0m
[5.041s] [ 49%] [32mBuilding CXX object CMakeFiles/irob_interfaces__rosidl_typesupport_c.dir/rosidl_typesupport_c/irob_interfaces/srv/get_goal__type_support.cpp.o[0m
[5.099s] [ 50%] [32mBuilding CXX object CMakeFiles/irob_interfaces__rosidl_typesupport_c.dir/rosidl_typesupport_c/irob_interfaces/srv/at_goal__type_support.cpp.o[0m
[5.149s] [35m[1mScanning dependencies of target irob_interfaces__rosidl_typesupport_introspection_c[0m
[5.154s] [ 52%] [32m[1mLinking CXX shared library libirob_interfaces__rosidl_typesupport_c.so[0m
[5.186s] [ 60%] [32mBuilding C object CMakeFiles/irob_interfaces__rosidl_typesupport_introspection_c.dir/rosidl_typesupport_introspection_c/irob_interfaces/srv/detail/activate__type_support.c.o[0m
[5.187s] [ 60%] [32mBuilding C object CMakeFiles/irob_interfaces__rosidl_typesupport_introspection_c.dir/rosidl_typesupport_introspection_c/irob_interfaces/srv/detail/at_goal__type_support.c.o[0m
[5.187s] [ 60%] [32mBuilding C object CMakeFiles/irob_interfaces__rosidl_typesupport_introspection_c.dir/rosidl_typesupport_introspection_c/irob_interfaces/srv/detail/deactivate__type_support.c.o[0m
[5.187s] [ 60%] [32mBuilding C object CMakeFiles/irob_interfaces__rosidl_typesupport_introspection_c.dir/rosidl_typesupport_introspection_c/irob_interfaces/srv/detail/get_goal__type_support.c.o[0m
[5.239s] [ 60%] Built target irob_interfaces__rosidl_typesupport_c
[5.244s] [ 61%] [32m[1mLinking C shared library libirob_interfaces__rosidl_typesupport_introspection_c.so[0m
[5.273s] [ 63%] [32m[1mLinking CXX shared library libirob_interfaces__rosidl_typesupport_cpp.so[0m
[5.289s] [ 63%] Built target irob_interfaces__rosidl_typesupport_introspection_c
[5.323s] [ 63%] Built target irob_interfaces__rosidl_typesupport_cpp
[5.342s] [ 65%] [32m[1mLinking CXX shared library libirob_interfaces__rosidl_typesupport_introspection_cpp.so[0m
[5.412s] [ 65%] Built target irob_interfaces__rosidl_typesupport_introspection_cpp
[5.535s] [ 67%] [32m[1mLinking CXX shared library libirob_interfaces__rosidl_typesupport_fastrtps_cpp.so[0m
[5.623s] [ 67%] Built target irob_interfaces__rosidl_typesupport_fastrtps_cpp
[5.635s] [ 69%] [34m[1mGenerating C type support for eProsima Fast-RTPS[0m
[6.178s] [35m[1mScanning dependencies of target irob_interfaces__rosidl_typesupport_fastrtps_c[0m
[6.246s] [ 74%] [32mBuilding CXX object CMakeFiles/irob_interfaces__rosidl_typesupport_fastrtps_c.dir/rosidl_typesupport_fastrtps_c/irob_interfaces/srv/detail/get_goal__type_support_c.cpp.o[0m
[6.247s] [ 74%] [32mBuilding CXX object CMakeFiles/irob_interfaces__rosidl_typesupport_fastrtps_c.dir/rosidl_typesupport_fastrtps_c/irob_interfaces/srv/detail/deactivate__type_support_c.cpp.o[0m
[6.248s] [ 76%] [32mBuilding CXX object CMakeFiles/irob_interfaces__rosidl_typesupport_fastrtps_c.dir/rosidl_typesupport_fastrtps_c/irob_interfaces/srv/detail/activate__type_support_c.cpp.o[0m
[6.248s] [ 76%] [32mBuilding CXX object CMakeFiles/irob_interfaces__rosidl_typesupport_fastrtps_c.dir/rosidl_typesupport_fastrtps_c/irob_interfaces/srv/detail/at_goal__type_support_c.cpp.o[0m
[6.619s] [ 78%] [32m[1mLinking CXX shared library libirob_interfaces__rosidl_typesupport_fastrtps_c.so[0m
[6.723s] [ 78%] Built target irob_interfaces__rosidl_typesupport_fastrtps_c
[6.737s] [35m[1mScanning dependencies of target irob_interfaces[0m
[6.767s] [ 78%] Built target irob_interfaces
[6.794s] [35m[1mScanning dependencies of target irob_interfaces__py[0m
[6.826s] [ 80%] [34m[1mGenerating Python code for ROS interfaces[0m
[7.792s] [ 80%] Built target irob_interfaces__py
[7.802s] [35m[1mScanning dependencies of target irob_interfaces__python[0m
[7.887s] [ 87%] [32mBuilding C object CMakeFiles/irob_interfaces__python.dir/rosidl_generator_py/irob_interfaces/srv/_get_goal_s.c.o[0m
[7.888s] [ 87%] [32mBuilding C object CMakeFiles/irob_interfaces__python.dir/rosidl_generator_py/irob_interfaces/srv/_activate_s.c.o[0m
[7.888s] [ 87%] [32mBuilding C object CMakeFiles/irob_interfaces__python.dir/rosidl_generator_py/irob_interfaces/srv/_at_goal_s.c.o[0m
[7.888s] [ 87%] [32mBuilding C object CMakeFiles/irob_interfaces__python.dir/rosidl_generator_py/irob_interfaces/srv/_deactivate_s.c.o[0m
[8.019s] [ 89%] [32m[1mLinking C shared library rosidl_generator_py/irob_interfaces/libirob_interfaces__python.so[0m
[8.075s] [ 89%] Built target irob_interfaces__python
[8.104s] [35m[1mScanning dependencies of target irob_interfaces__rosidl_typesupport_introspection_c__pyext[0m
[8.104s] [35m[1mScanning dependencies of target irob_interfaces__rosidl_typesupport_c__pyext[0m
[8.105s] [35m[1mScanning dependencies of target irob_interfaces__rosidl_typesupport_fastrtps_c__pyext[0m
[8.187s] [ 94%] [32mBuilding C object CMakeFiles/irob_interfaces__rosidl_typesupport_c__pyext.dir/rosidl_generator_py/irob_interfaces/_irob_interfaces_s.ep.rosidl_typesupport_c.c.o[0m
[8.187s] [ 94%] [32mBuilding C object CMakeFiles/irob_interfaces__rosidl_typesupport_fastrtps_c__pyext.dir/rosidl_generator_py/irob_interfaces/_irob_interfaces_s.ep.rosidl_typesupport_fastrtps_c.c.o[0m
[8.188s] [ 94%] [32mBuilding C object CMakeFiles/irob_interfaces__rosidl_typesupport_introspection_c__pyext.dir/rosidl_generator_py/irob_interfaces/_irob_interfaces_s.ep.rosidl_typesupport_introspection_c.c.o[0m
[8.297s] [ 98%] [32m[1mLinking C shared library rosidl_generator_py/irob_interfaces/irob_interfaces_s__rosidl_typesupport_introspection_c.cpython-38-x86_64-linux-gnu.so[0m
[8.298s] [ 98%] [32m[1mLinking C shared library rosidl_generator_py/irob_interfaces/irob_interfaces_s__rosidl_typesupport_c.cpython-38-x86_64-linux-gnu.so[0m
[8.299s] [100%] [32m[1mLinking CXX shared library rosidl_generator_py/irob_interfaces/irob_interfaces_s__rosidl_typesupport_fastrtps_c.cpython-38-x86_64-linux-gnu.so[0m
[8.337s] [100%] Built target irob_interfaces__rosidl_typesupport_introspection_c__pyext
[8.337s] [100%] Built target irob_interfaces__rosidl_typesupport_c__pyext
[8.363s] [100%] Built target irob_interfaces__rosidl_typesupport_fastrtps_c__pyext
[8.510s] Invoked command in '/afs/kth.se/home/t/m/tmatty/ros2_ws/src/KTH_DD2410_Assign5_2025-main/IROB25_mobile_robot_project/assign_5_IROB_pk/build/irob_interfaces' returned '0': CMAKE_PREFIX_PATH=${CMAKE_PREFIX_PATH}:/home/t/m/tmatty/ros2_ws/install/irob_assignment_5:/afs/kth.se/home/t/m/tmatty/install/python_parameters:/afs/kth.se/home/t/m/tmatty/install/kinematics_assignment:/afs/kth.se/home/t/m/tmatty/install/irob_assignment_1:/opt/ros/foxy /usr/bin/cmake --build /afs/kth.se/home/t/m/tmatty/ros2_ws/src/KTH_DD2410_Assign5_2025-main/IROB25_mobile_robot_project/assign_5_IROB_pk/build/irob_interfaces -- -j16 -l16
[8.542s] Invoking command in '/afs/kth.se/home/t/m/tmatty/ros2_ws/src/KTH_DD2410_Assign5_2025-main/IROB25_mobile_robot_project/assign_5_IROB_pk/build/irob_interfaces': CMAKE_PREFIX_PATH=${CMAKE_PREFIX_PATH}:/home/t/m/tmatty/ros2_ws/install/irob_assignment_5:/afs/kth.se/home/t/m/tmatty/install/python_parameters:/afs/kth.se/home/t/m/tmatty/install/kinematics_assignment:/afs/kth.se/home/t/m/tmatty/install/irob_assignment_1:/opt/ros/foxy /usr/bin/cmake --install /afs/kth.se/home/t/m/tmatty/ros2_ws/src/KTH_DD2410_Assign5_2025-main/IROB25_mobile_robot_project/assign_5_IROB_pk/build/irob_interfaces
[8.564s] -- Install configuration: ""
[8.572s] -- Installing: /afs/kth.se/home/t/m/tmatty/ros2_ws/src/KTH_DD2410_Assign5_2025-main/IROB25_mobile_robot_project/assign_5_IROB_pk/install/irob_interfaces/share/ament_index/resource_index/rosidl_interfaces/irob_interfaces
[8.576s] -- Installing: /afs/kth.se/home/t/m/tmatty/ros2_ws/src/KTH_DD2410_Assign5_2025-main/IROB25_mobile_robot_project/assign_5_IROB_pk/install/irob_interfaces/include/irob_interfaces
[8.578s] -- Installing: /afs/kth.se/home/t/m/tmatty/ros2_ws/src/KTH_DD2410_Assign5_2025-main/IROB25_mobile_robot_project/assign_5_IROB_pk/install/irob_interfaces/include/irob_interfaces/msg
[8.580s] -- Installing: /afs/kth.se/home/t/m/tmatty/ros2_ws/src/KTH_DD2410_Assign5_2025-main/IROB25_mobile_robot_project/assign_5_IROB_pk/install/irob_interfaces/include/irob_interfaces/msg/rosidl_generator_c__visibility_control.h
[8.583s] -- Installing: /afs/kth.se/home/t/m/tmatty/ros2_ws/src/KTH_DD2410_Assign5_2025-main/IROB25_mobile_robot_project/assign_5_IROB_pk/install/irob_interfaces/include/irob_interfaces/srv
[8.584s] -- Installing: /afs/kth.se/home/t/m/tmatty/ros2_ws/src/KTH_DD2410_Assign5_2025-main/IROB25_mobile_robot_project/assign_5_IROB_pk/install/irob_interfaces/include/irob_interfaces/srv/get_goal.h
[8.586s] -- Installing: /afs/kth.se/home/t/m/tmatty/ros2_ws/src/KTH_DD2410_Assign5_2025-main/IROB25_mobile_robot_project/assign_5_IROB_pk/install/irob_interfaces/include/irob_interfaces/srv/detail
[8.589s] -- Installing: /afs/kth.se/home/t/m/tmatty/ros2_ws/src/KTH_DD2410_Assign5_2025-main/IROB25_mobile_robot_project/assign_5_IROB_pk/install/irob_interfaces/include/irob_interfaces/srv/detail/get_goal__functions.c
[8.592s] -- Installing: /afs/kth.se/home/t/m/tmatty/ros2_ws/src/KTH_DD2410_Assign5_2025-main/IROB25_mobile_robot_project/assign_5_IROB_pk/install/irob_interfaces/include/irob_interfaces/srv/detail/get_goal__functions.h
[8.596s] -- Installing: /afs/kth.se/home/t/m/tmatty/ros2_ws/src/KTH_DD2410_Assign5_2025-main/IROB25_mobile_robot_project/assign_5_IROB_pk/install/irob_interfaces/include/irob_interfaces/srv/detail/get_goal__struct.h
[8.598s] -- Installing: /afs/kth.se/home/t/m/tmatty/ros2_ws/src/KTH_DD2410_Assign5_2025-main/IROB25_mobile_robot_project/assign_5_IROB_pk/install/irob_interfaces/include/irob_interfaces/srv/detail/get_goal__type_support.h
[8.601s] -- Installing: /afs/kth.se/home/t/m/tmatty/ros2_ws/src/KTH_DD2410_Assign5_2025-main/IROB25_mobile_robot_project/assign_5_IROB_pk/install/irob_interfaces/include/irob_interfaces/srv/detail/activate__functions.c
[8.605s] -- Installing: /afs/kth.se/home/t/m/tmatty/ros2_ws/src/KTH_DD2410_Assign5_2025-main/IROB25_mobile_robot_project/assign_5_IROB_pk/install/irob_interfaces/include/irob_interfaces/srv/detail/activate__functions.h
[8.608s] -- Installing: /afs/kth.se/home/t/m/tmatty/ros2_ws/src/KTH_DD2410_Assign5_2025-main/IROB25_mobile_robot_project/assign_5_IROB_pk/install/irob_interfaces/include/irob_interfaces/srv/detail/activate__struct.h
[8.611s] -- Installing: /afs/kth.se/home/t/m/tmatty/ros2_ws/src/KTH_DD2410_Assign5_2025-main/IROB25_mobile_robot_project/assign_5_IROB_pk/install/irob_interfaces/include/irob_interfaces/srv/detail/activate__type_support.h
[8.613s] -- Installing: /afs/kth.se/home/t/m/tmatty/ros2_ws/src/KTH_DD2410_Assign5_2025-main/IROB25_mobile_robot_project/assign_5_IROB_pk/install/irob_interfaces/include/irob_interfaces/srv/detail/deactivate__functions.c
[8.616s] -- Installing: /afs/kth.se/home/t/m/tmatty/ros2_ws/src/KTH_DD2410_Assign5_2025-main/IROB25_mobile_robot_project/assign_5_IROB_pk/install/irob_interfaces/include/irob_interfaces/srv/detail/deactivate__functions.h
[8.620s] -- Installing: /afs/kth.se/home/t/m/tmatty/ros2_ws/src/KTH_DD2410_Assign5_2025-main/IROB25_mobile_robot_project/assign_5_IROB_pk/install/irob_interfaces/include/irob_interfaces/srv/detail/deactivate__struct.h
[8.622s] -- Installing: /afs/kth.se/home/t/m/tmatty/ros2_ws/src/KTH_DD2410_Assign5_2025-main/IROB25_mobile_robot_project/assign_5_IROB_pk/install/irob_interfaces/include/irob_interfaces/srv/detail/deactivate__type_support.h
[8.625s] -- Installing: /afs/kth.se/home/t/m/tmatty/ros2_ws/src/KTH_DD2410_Assign5_2025-main/IROB25_mobile_robot_project/assign_5_IROB_pk/install/irob_interfaces/include/irob_interfaces/srv/detail/at_goal__functions.c
[8.628s] -- Installing: /afs/kth.se/home/t/m/tmatty/ros2_ws/src/KTH_DD2410_Assign5_2025-main/IROB25_mobile_robot_project/assign_5_IROB_pk/install/irob_interfaces/include/irob_interfaces/srv/detail/at_goal__functions.h
[8.632s] -- Installing: /afs/kth.se/home/t/m/tmatty/ros2_ws/src/KTH_DD2410_Assign5_2025-main/IROB25_mobile_robot_project/assign_5_IROB_pk/install/irob_interfaces/include/irob_interfaces/srv/detail/at_goal__struct.h
[8.634s] -- Installing: /afs/kth.se/home/t/m/tmatty/ros2_ws/src/KTH_DD2410_Assign5_2025-main/IROB25_mobile_robot_project/assign_5_IROB_pk/install/irob_interfaces/include/irob_interfaces/srv/detail/at_goal__type_support.h
[8.637s] -- Installing: /afs/kth.se/home/t/m/tmatty/ros2_ws/src/KTH_DD2410_Assign5_2025-main/IROB25_mobile_robot_project/assign_5_IROB_pk/install/irob_interfaces/include/irob_interfaces/srv/activate.h
[8.639s] -- Installing: /afs/kth.se/home/t/m/tmatty/ros2_ws/src/KTH_DD2410_Assign5_2025-main/IROB25_mobile_robot_project/assign_5_IROB_pk/install/irob_interfaces/include/irob_interfaces/srv/deactivate.h
[8.642s] -- Installing: /afs/kth.se/home/t/m/tmatty/ros2_ws/src/KTH_DD2410_Assign5_2025-main/IROB25_mobile_robot_project/assign_5_IROB_pk/install/irob_interfaces/include/irob_interfaces/srv/at_goal.h
[8.647s] -- Installing: /afs/kth.se/home/t/m/tmatty/ros2_ws/src/KTH_DD2410_Assign5_2025-main/IROB25_mobile_robot_project/assign_5_IROB_pk/install/irob_interfaces/share/irob_interfaces/environment/library_path.sh
[8.649s] -- Installing: /afs/kth.se/home/t/m/tmatty/ros2_ws/src/KTH_DD2410_Assign5_2025-main/IROB25_mobile_robot_project/assign_5_IROB_pk/install/irob_interfaces/share/irob_interfaces/environment/library_path.dsv
[8.653s] -- Installing: /afs/kth.se/home/t/m/tmatty/ros2_ws/src/KTH_DD2410_Assign5_2025-main/IROB25_mobile_robot_project/assign_5_IROB_pk/install/irob_interfaces/lib/libirob_interfaces__rosidl_generator_c.so
[8.659s] -- Set runtime path of "/afs/kth.se/home/t/m/tmatty/ros2_ws/src/KTH_DD2410_Assign5_2025-main/IROB25_mobile_robot_project/assign_5_IROB_pk/install/irob_interfaces/lib/libirob_interfaces__rosidl_generator_c.so" to ""
[8.659s] -- Up-to-date: /afs/kth.se/home/t/m/tmatty/ros2_ws/src/KTH_DD2410_Assign5_2025-main/IROB25_mobile_robot_project/assign_5_IROB_pk/install/irob_interfaces/include/irob_interfaces
[8.660s] -- Up-to-date: /afs/kth.se/home/t/m/tmatty/ros2_ws/src/KTH_DD2410_Assign5_2025-main/IROB25_mobile_robot_project/assign_5_IROB_pk/install/irob_interfaces/include/irob_interfaces/msg
[8.660s] -- Installing: /afs/kth.se/home/t/m/tmatty/ros2_ws/src/KTH_DD2410_Assign5_2025-main/IROB25_mobile_robot_project/assign_5_IROB_pk/install/irob_interfaces/include/irob_interfaces/msg/rosidl_typesupport_fastrtps_c__visibility_control.h
[8.663s] -- Up-to-date: /afs/kth.se/home/t/m/tmatty/ros2_ws/src/KTH_DD2410_Assign5_2025-main/IROB25_mobile_robot_project/assign_5_IROB_pk/install/irob_interfaces/include/irob_interfaces/srv
[8.663s] -- Up-to-date: /afs/kth.se/home/t/m/tmatty/ros2_ws/src/KTH_DD2410_Assign5_2025-main/IROB25_mobile_robot_project/assign_5_IROB_pk/install/irob_interfaces/include/irob_interfaces/srv/detail
[8.663s] -- Installing: /afs/kth.se/home/t/m/tmatty/ros2_ws/src/KTH_DD2410_Assign5_2025-main/IROB25_mobile_robot_project/assign_5_IROB_pk/install/irob_interfaces/include/irob_interfaces/srv/detail/get_goal__rosidl_typesupport_fastrtps_c.h
[8.666s] -- Installing: /afs/kth.se/home/t/m/tmatty/ros2_ws/src/KTH_DD2410_Assign5_2025-main/IROB25_mobile_robot_project/assign_5_IROB_pk/install/irob_interfaces/include/irob_interfaces/srv/detail/activate__rosidl_typesupport_fastrtps_c.h
[8.669s] -- Installing: /afs/kth.se/home/t/m/tmatty/ros2_ws/src/KTH_DD2410_Assign5_2025-main/IROB25_mobile_robot_project/assign_5_IROB_pk/install/irob_interfaces/include/irob_interfaces/srv/detail/deactivate__rosidl_typesupport_fastrtps_c.h
[8.671s] -- Installing: /afs/kth.se/home/t/m/tmatty/ros2_ws/src/KTH_DD2410_Assign5_2025-main/IROB25_mobile_robot_project/assign_5_IROB_pk/install/irob_interfaces/include/irob_interfaces/srv/detail/at_goal__rosidl_typesupport_fastrtps_c.h
[8.674s] -- Installing: /afs/kth.se/home/t/m/tmatty/ros2_ws/src/KTH_DD2410_Assign5_2025-main/IROB25_mobile_robot_project/assign_5_IROB_pk/install/irob_interfaces/lib/libirob_interfaces__rosidl_typesupport_fastrtps_c.so
[8.680s] -- Set runtime path of "/afs/kth.se/home/t/m/tmatty/ros2_ws/src/KTH_DD2410_Assign5_2025-main/IROB25_mobile_robot_project/assign_5_IROB_pk/install/irob_interfaces/lib/libirob_interfaces__rosidl_typesupport_fastrtps_c.so" to ""
[8.680s] -- Up-to-date: /afs/kth.se/home/t/m/tmatty/ros2_ws/src/KTH_DD2410_Assign5_2025-main/IROB25_mobile_robot_project/assign_5_IROB_pk/install/irob_interfaces/include/irob_interfaces
[8.680s] -- Up-to-date: /afs/kth.se/home/t/m/tmatty/ros2_ws/src/KTH_DD2410_Assign5_2025-main/IROB25_mobile_robot_project/assign_5_IROB_pk/install/irob_interfaces/include/irob_interfaces/msg
[8.681s] -- Installing: /afs/kth.se/home/t/m/tmatty/ros2_ws/src/KTH_DD2410_Assign5_2025-main/IROB25_mobile_robot_project/assign_5_IROB_pk/install/irob_interfaces/include/irob_interfaces/msg/rosidl_typesupport_fastrtps_cpp__visibility_control.h
[8.684s] -- Up-to-date: /afs/kth.se/home/t/m/tmatty/ros2_ws/src/KTH_DD2410_Assign5_2025-main/IROB25_mobile_robot_project/assign_5_IROB_pk/install/irob_interfaces/include/irob_interfaces/srv
[8.684s] -- Up-to-date: /afs/kth.se/home/t/m/tmatty/ros2_ws/src/KTH_DD2410_Assign5_2025-main/IROB25_mobile_robot_project/assign_5_IROB_pk/install/irob_interfaces/include/irob_interfaces/srv/detail
[8.685s] -- Installing: /afs/kth.se/home/t/m/tmatty/ros2_ws/src/KTH_DD2410_Assign5_2025-main/IROB25_mobile_robot_project/assign_5_IROB_pk/install/irob_interfaces/include/irob_interfaces/srv/detail/get_goal__rosidl_typesupport_fastrtps_cpp.hpp
[8.688s] -- Installing: /afs/kth.se/home/t/m/tmatty/ros2_ws/src/KTH_DD2410_Assign5_2025-main/IROB25_mobile_robot_project/assign_5_IROB_pk/install/irob_interfaces/include/irob_interfaces/srv/detail/dds_fastrtps
[8.689s] -- Installing: /afs/kth.se/home/t/m/tmatty/ros2_ws/src/KTH_DD2410_Assign5_2025-main/IROB25_mobile_robot_project/assign_5_IROB_pk/install/irob_interfaces/include/irob_interfaces/srv/detail/activate__rosidl_typesupport_fastrtps_cpp.hpp
[8.692s] -- Installing: /afs/kth.se/home/t/m/tmatty/ros2_ws/src/KTH_DD2410_Assign5_2025-main/IROB25_mobile_robot_project/assign_5_IROB_pk/install/irob_interfaces/include/irob_interfaces/srv/detail/deactivate__rosidl_typesupport_fastrtps_cpp.hpp
[8.695s] -- Installing: /afs/kth.se/home/t/m/tmatty/ros2_ws/src/KTH_DD2410_Assign5_2025-main/IROB25_mobile_robot_project/assign_5_IROB_pk/install/irob_interfaces/include/irob_interfaces/srv/detail/at_goal__rosidl_typesupport_fastrtps_cpp.hpp
[8.698s] -- Installing: /afs/kth.se/home/t/m/tmatty/ros2_ws/src/KTH_DD2410_Assign5_2025-main/IROB25_mobile_robot_project/assign_5_IROB_pk/install/irob_interfaces/lib/libirob_interfaces__rosidl_typesupport_fastrtps_cpp.so
[8.704s] -- Set runtime path of "/afs/kth.se/home/t/m/tmatty/ros2_ws/src/KTH_DD2410_Assign5_2025-main/IROB25_mobile_robot_project/assign_5_IROB_pk/install/irob_interfaces/lib/libirob_interfaces__rosidl_typesupport_fastrtps_cpp.so" to ""
[8.704s] -- Up-to-date: /afs/kth.se/home/t/m/tmatty/ros2_ws/src/KTH_DD2410_Assign5_2025-main/IROB25_mobile_robot_project/assign_5_IROB_pk/install/irob_interfaces/include/irob_interfaces
[8.704s] -- Up-to-date: /afs/kth.se/home/t/m/tmatty/ros2_ws/src/KTH_DD2410_Assign5_2025-main/IROB25_mobile_robot_project/assign_5_IROB_pk/install/irob_interfaces/include/irob_interfaces/msg
[8.705s] -- Installing: /afs/kth.se/home/t/m/tmatty/ros2_ws/src/KTH_DD2410_Assign5_2025-main/IROB25_mobile_robot_project/assign_5_IROB_pk/install/irob_interfaces/include/irob_interfaces/msg/rosidl_typesupport_introspection_c__visibility_control.h
[8.707s] -- Up-to-date: /afs/kth.se/home/t/m/tmatty/ros2_ws/src/KTH_DD2410_Assign5_2025-main/IROB25_mobile_robot_project/assign_5_IROB_pk/install/irob_interfaces/include/irob_interfaces/srv
[8.708s] -- Up-to-date: /afs/kth.se/home/t/m/tmatty/ros2_ws/src/KTH_DD2410_Assign5_2025-main/IROB25_mobile_robot_project/assign_5_IROB_pk/install/irob_interfaces/include/irob_interfaces/srv/detail
[8.708s] -- Installing: /afs/kth.se/home/t/m/tmatty/ros2_ws/src/KTH_DD2410_Assign5_2025-main/IROB25_mobile_robot_project/assign_5_IROB_pk/install/irob_interfaces/include/irob_interfaces/srv/detail/get_goal__rosidl_typesupport_introspection_c.h
[8.711s] -- Installing: /afs/kth.se/home/t/m/tmatty/ros2_ws/src/KTH_DD2410_Assign5_2025-main/IROB25_mobile_robot_project/assign_5_IROB_pk/install/irob_interfaces/include/irob_interfaces/srv/detail/get_goal__type_support.c
[8.714s] -- Installing: /afs/kth.se/home/t/m/tmatty/ros2_ws/src/KTH_DD2410_Assign5_2025-main/IROB25_mobile_robot_project/assign_5_IROB_pk/install/irob_interfaces/include/irob_interfaces/srv/detail/activate__rosidl_typesupport_introspection_c.h
[8.717s] -- Installing: /afs/kth.se/home/t/m/tmatty/ros2_ws/src/KTH_DD2410_Assign5_2025-main/IROB25_mobile_robot_project/assign_5_IROB_pk/install/irob_interfaces/include/irob_interfaces/srv/detail/activate__type_support.c
[8.720s] -- Installing: /afs/kth.se/home/t/m/tmatty/ros2_ws/src/KTH_DD2410_Assign5_2025-main/IROB25_mobile_robot_project/assign_5_IROB_pk/install/irob_interfaces/include/irob_interfaces/srv/detail/deactivate__rosidl_typesupport_introspection_c.h
[8.723s] -- Installing: /afs/kth.se/home/t/m/tmatty/ros2_ws/src/KTH_DD2410_Assign5_2025-main/IROB25_mobile_robot_project/assign_5_IROB_pk/install/irob_interfaces/include/irob_interfaces/srv/detail/deactivate__type_support.c
[8.727s] -- Installing: /afs/kth.se/home/t/m/tmatty/ros2_ws/src/KTH_DD2410_Assign5_2025-main/IROB25_mobile_robot_project/assign_5_IROB_pk/install/irob_interfaces/include/irob_interfaces/srv/detail/at_goal__rosidl_typesupport_introspection_c.h
[8.729s] -- Installing: /afs/kth.se/home/t/m/tmatty/ros2_ws/src/KTH_DD2410_Assign5_2025-main/IROB25_mobile_robot_project/assign_5_IROB_pk/install/irob_interfaces/include/irob_interfaces/srv/detail/at_goal__type_support.c
[8.733s] -- Installing: /afs/kth.se/home/t/m/tmatty/ros2_ws/src/KTH_DD2410_Assign5_2025-main/IROB25_mobile_robot_project/assign_5_IROB_pk/install/irob_interfaces/lib/libirob_interfaces__rosidl_typesupport_introspection_c.so
[8.739s] -- Set runtime path of "/afs/kth.se/home/t/m/tmatty/ros2_ws/src/KTH_DD2410_Assign5_2025-main/IROB25_mobile_robot_project/assign_5_IROB_pk/install/irob_interfaces/lib/libirob_interfaces__rosidl_typesupport_introspection_c.so" to ""
[8.739s] -- Installing: /afs/kth.se/home/t/m/tmatty/ros2_ws/src/KTH_DD2410_Assign5_2025-main/IROB25_mobile_robot_project/assign_5_IROB_pk/install/irob_interfaces/lib/libirob_interfaces__rosidl_typesupport_c.so
[8.744s] -- Set runtime path of "/afs/kth.se/home/t/m/tmatty/ros2_ws/src/KTH_DD2410_Assign5_2025-main/IROB25_mobile_robot_project/assign_5_IROB_pk/install/irob_interfaces/lib/libirob_interfaces__rosidl_typesupport_c.so" to ""
[8.744s] -- Up-to-date: /afs/kth.se/home/t/m/tmatty/ros2_ws/src/KTH_DD2410_Assign5_2025-main/IROB25_mobile_robot_project/assign_5_IROB_pk/install/irob_interfaces/include/irob_interfaces
[8.745s] -- Up-to-date: /afs/kth.se/home/t/m/tmatty/ros2_ws/src/KTH_DD2410_Assign5_2025-main/IROB25_mobile_robot_project/assign_5_IROB_pk/install/irob_interfaces/include/irob_interfaces/msg
[8.745s] -- Installing: /afs/kth.se/home/t/m/tmatty/ros2_ws/src/KTH_DD2410_Assign5_2025-main/IROB25_mobile_robot_project/assign_5_IROB_pk/install/irob_interfaces/include/irob_interfaces/msg/rosidl_generator_cpp__visibility_control.hpp
[8.747s] -- Up-to-date: /afs/kth.se/home/t/m/tmatty/ros2_ws/src/KTH_DD2410_Assign5_2025-main/IROB25_mobile_robot_project/assign_5_IROB_pk/install/irob_interfaces/include/irob_interfaces/srv
[8.748s] -- Installing: /afs/kth.se/home/t/m/tmatty/ros2_ws/src/KTH_DD2410_Assign5_2025-main/IROB25_mobile_robot_project/assign_5_IROB_pk/install/irob_interfaces/include/irob_interfaces/srv/get_goal.hpp
[8.750s] -- Up-to-date: /afs/kth.se/home/t/m/tmatty/ros2_ws/src/KTH_DD2410_Assign5_2025-main/IROB25_mobile_robot_project/assign_5_IROB_pk/install/irob_interfaces/include/irob_interfaces/srv/detail
[8.750s] -- Installing: /afs/kth.se/home/t/m/tmatty/ros2_ws/src/KTH_DD2410_Assign5_2025-main/IROB25_mobile_robot_project/assign_5_IROB_pk/install/irob_interfaces/include/irob_interfaces/srv/detail/get_goal__builder.hpp
[8.753s] -- Installing: /afs/kth.se/home/t/m/tmatty/ros2_ws/src/KTH_DD2410_Assign5_2025-main/IROB25_mobile_robot_project/assign_5_IROB_pk/install/irob_interfaces/include/irob_interfaces/srv/detail/get_goal__struct.hpp
[8.756s] -- Installing: /afs/kth.se/home/t/m/tmatty/ros2_ws/src/KTH_DD2410_Assign5_2025-main/IROB25_mobile_robot_project/assign_5_IROB_pk/install/irob_interfaces/include/irob_interfaces/srv/detail/get_goal__traits.hpp
[8.759s] -- Installing: /afs/kth.se/home/t/m/tmatty/ros2_ws/src/KTH_DD2410_Assign5_2025-main/IROB25_mobile_robot_project/assign_5_IROB_pk/install/irob_interfaces/include/irob_interfaces/srv/detail/get_goal__type_support.hpp
[8.761s] -- Installing: /afs/kth.se/home/t/m/tmatty/ros2_ws/src/KTH_DD2410_Assign5_2025-main/IROB25_mobile_robot_project/assign_5_IROB_pk/install/irob_interfaces/include/irob_interfaces/srv/detail/activate__builder.hpp
[8.764s] -- Installing: /afs/kth.se/home/t/m/tmatty/ros2_ws/src/KTH_DD2410_Assign5_2025-main/IROB25_mobile_robot_project/assign_5_IROB_pk/install/irob_interfaces/include/irob_interfaces/srv/detail/activate__struct.hpp
[8.767s] -- Installing: /afs/kth.se/home/t/m/tmatty/ros2_ws/src/KTH_DD2410_Assign5_2025-main/IROB25_mobile_robot_project/assign_5_IROB_pk/install/irob_interfaces/include/irob_interfaces/srv/detail/activate__traits.hpp
[8.769s] -- Installing: /afs/kth.se/home/t/m/tmatty/ros2_ws/src/KTH_DD2410_Assign5_2025-main/IROB25_mobile_robot_project/assign_5_IROB_pk/install/irob_interfaces/include/irob_interfaces/srv/detail/activate__type_support.hpp
[8.772s] -- Installing: /afs/kth.se/home/t/m/tmatty/ros2_ws/src/KTH_DD2410_Assign5_2025-main/IROB25_mobile_robot_project/assign_5_IROB_pk/install/irob_interfaces/include/irob_interfaces/srv/detail/deactivate__builder.hpp
[8.775s] -- Installing: /afs/kth.se/home/t/m/tmatty/ros2_ws/src/KTH_DD2410_Assign5_2025-main/IROB25_mobile_robot_project/assign_5_IROB_pk/install/irob_interfaces/include/irob_interfaces/srv/detail/deactivate__struct.hpp
[8.778s] -- Installing: /afs/kth.se/home/t/m/tmatty/ros2_ws/src/KTH_DD2410_Assign5_2025-main/IROB25_mobile_robot_project/assign_5_IROB_pk/install/irob_interfaces/include/irob_interfaces/srv/detail/deactivate__traits.hpp
[8.780s] -- Installing: /afs/kth.se/home/t/m/tmatty/ros2_ws/src/KTH_DD2410_Assign5_2025-main/IROB25_mobile_robot_project/assign_5_IROB_pk/install/irob_interfaces/include/irob_interfaces/srv/detail/deactivate__type_support.hpp
[8.783s] -- Installing: /afs/kth.se/home/t/m/tmatty/ros2_ws/src/KTH_DD2410_Assign5_2025-main/IROB25_mobile_robot_project/assign_5_IROB_pk/install/irob_interfaces/include/irob_interfaces/srv/detail/at_goal__builder.hpp
[8.785s] -- Installing: /afs/kth.se/home/t/m/tmatty/ros2_ws/src/KTH_DD2410_Assign5_2025-main/IROB25_mobile_robot_project/assign_5_IROB_pk/install/irob_interfaces/include/irob_interfaces/srv/detail/at_goal__struct.hpp
[8.788s] -- Installing: /afs/kth.se/home/t/m/tmatty/ros2_ws/src/KTH_DD2410_Assign5_2025-main/IROB25_mobile_robot_project/assign_5_IROB_pk/install/irob_interfaces/include/irob_interfaces/srv/detail/at_goal__traits.hpp
[8.791s] -- Installing: /afs/kth.se/home/t/m/tmatty/ros2_ws/src/KTH_DD2410_Assign5_2025-main/IROB25_mobile_robot_project/assign_5_IROB_pk/install/irob_interfaces/include/irob_interfaces/srv/detail/at_goal__type_support.hpp
[8.794s] -- Installing: /afs/kth.se/home/t/m/tmatty/ros2_ws/src/KTH_DD2410_Assign5_2025-main/IROB25_mobile_robot_project/assign_5_IROB_pk/install/irob_interfaces/include/irob_interfaces/srv/activate.hpp
[8.797s] -- Installing: /afs/kth.se/home/t/m/tmatty/ros2_ws/src/KTH_DD2410_Assign5_2025-main/IROB25_mobile_robot_project/assign_5_IROB_pk/install/irob_interfaces/include/irob_interfaces/srv/deactivate.hpp
[8.800s] -- Installing: /afs/kth.se/home/t/m/tmatty/ros2_ws/src/KTH_DD2410_Assign5_2025-main/IROB25_mobile_robot_project/assign_5_IROB_pk/install/irob_interfaces/include/irob_interfaces/srv/at_goal.hpp
[8.802s] -- Up-to-date: /afs/kth.se/home/t/m/tmatty/ros2_ws/src/KTH_DD2410_Assign5_2025-main/IROB25_mobile_robot_project/assign_5_IROB_pk/install/irob_interfaces/include/irob_interfaces
[8.803s] -- Up-to-date: /afs/kth.se/home/t/m/tmatty/ros2_ws/src/KTH_DD2410_Assign5_2025-main/IROB25_mobile_robot_project/assign_5_IROB_pk/install/irob_interfaces/include/irob_interfaces/srv
[8.803s] -- Up-to-date: /afs/kth.se/home/t/m/tmatty/ros2_ws/src/KTH_DD2410_Assign5_2025-main/IROB25_mobile_robot_project/assign_5_IROB_pk/install/irob_interfaces/include/irob_interfaces/srv/detail
[8.803s] -- Installing: /afs/kth.se/home/t/m/tmatty/ros2_ws/src/KTH_DD2410_Assign5_2025-main/IROB25_mobile_robot_project/assign_5_IROB_pk/install/irob_interfaces/include/irob_interfaces/srv/detail/get_goal__rosidl_typesupport_introspection_cpp.hpp
[8.806s] -- Installing: /afs/kth.se/home/t/m/tmatty/ros2_ws/src/KTH_DD2410_Assign5_2025-main/IROB25_mobile_robot_project/assign_5_IROB_pk/install/irob_interfaces/include/irob_interfaces/srv/detail/get_goal__type_support.cpp
[8.809s] -- Installing: /afs/kth.se/home/t/m/tmatty/ros2_ws/src/KTH_DD2410_Assign5_2025-main/IROB25_mobile_robot_project/assign_5_IROB_pk/install/irob_interfaces/include/irob_interfaces/srv/detail/activate__rosidl_typesupport_introspection_cpp.hpp
[8.812s] -- Installing: /afs/kth.se/home/t/m/tmatty/ros2_ws/src/KTH_DD2410_Assign5_2025-main/IROB25_mobile_robot_project/assign_5_IROB_pk/install/irob_interfaces/include/irob_interfaces/srv/detail/activate__type_support.cpp
[8.815s] -- Installing: /afs/kth.se/home/t/m/tmatty/ros2_ws/src/KTH_DD2410_Assign5_2025-main/IROB25_mobile_robot_project/assign_5_IROB_pk/install/irob_interfaces/include/irob_interfaces/srv/detail/deactivate__rosidl_typesupport_introspection_cpp.hpp
[8.818s] -- Installing: /afs/kth.se/home/t/m/tmatty/ros2_ws/src/KTH_DD2410_Assign5_2025-main/IROB25_mobile_robot_project/assign_5_IROB_pk/install/irob_interfaces/include/irob_interfaces/srv/detail/deactivate__type_support.cpp
[8.821s] -- Installing: /afs/kth.se/home/t/m/tmatty/ros2_ws/src/KTH_DD2410_Assign5_2025-main/IROB25_mobile_robot_project/assign_5_IROB_pk/install/irob_interfaces/include/irob_interfaces/srv/detail/at_goal__rosidl_typesupport_introspection_cpp.hpp
[8.823s] -- Installing: /afs/kth.se/home/t/m/tmatty/ros2_ws/src/KTH_DD2410_Assign5_2025-main/IROB25_mobile_robot_project/assign_5_IROB_pk/install/irob_interfaces/include/irob_interfaces/srv/detail/at_goal__type_support.cpp
[8.827s] -- Installing: /afs/kth.se/home/t/m/tmatty/ros2_ws/src/KTH_DD2410_Assign5_2025-main/IROB25_mobile_robot_project/assign_5_IROB_pk/install/irob_interfaces/lib/libirob_interfaces__rosidl_typesupport_introspection_cpp.so
[8.833s] -- Set runtime path of "/afs/kth.se/home/t/m/tmatty/ros2_ws/src/KTH_DD2410_Assign5_2025-main/IROB25_mobile_robot_project/assign_5_IROB_pk/install/irob_interfaces/lib/libirob_interfaces__rosidl_typesupport_introspection_cpp.so" to ""
[8.833s] -- Installing: /afs/kth.se/home/t/m/tmatty/ros2_ws/src/KTH_DD2410_Assign5_2025-main/IROB25_mobile_robot_project/assign_5_IROB_pk/install/irob_interfaces/lib/libirob_interfaces__rosidl_typesupport_cpp.so
[8.839s] -- Set runtime path of "/afs/kth.se/home/t/m/tmatty/ros2_ws/src/KTH_DD2410_Assign5_2025-main/IROB25_mobile_robot_project/assign_5_IROB_pk/install/irob_interfaces/lib/libirob_interfaces__rosidl_typesupport_cpp.so" to ""
[8.839s] -- Installing: /afs/kth.se/home/t/m/tmatty/ros2_ws/src/KTH_DD2410_Assign5_2025-main/IROB25_mobile_robot_project/assign_5_IROB_pk/install/irob_interfaces/share/irob_interfaces/environment/pythonpath.sh
[8.842s] -- Installing: /afs/kth.se/home/t/m/tmatty/ros2_ws/src/KTH_DD2410_Assign5_2025-main/IROB25_mobile_robot_project/assign_5_IROB_pk/install/irob_interfaces/share/irob_interfaces/environment/pythonpath.dsv
[8.847s] -- Installing: /afs/kth.se/home/t/m/tmatty/ros2_ws/src/KTH_DD2410_Assign5_2025-main/IROB25_mobile_robot_project/assign_5_IROB_pk/install/irob_interfaces/lib/python3.8/site-packages/irob_interfaces/__init__.py
[8.919s] Compiling '/afs/kth.se/home/t/m/tmatty/ros2_ws/src/KTH_DD2410_Assign5_2025-main/IROB25_mobile_robot_project/assign_5_IROB_pk/install/irob_interfaces/lib/python3.8/site-packages/irob_interfaces/__init__.py'...
[8.929s] -- Installing: /afs/kth.se/home/t/m/tmatty/ros2_ws/src/KTH_DD2410_Assign5_2025-main/IROB25_mobile_robot_project/assign_5_IROB_pk/install/irob_interfaces/lib/python3.8/site-packages/irob_interfaces/srv
[8.931s] -- Installing: /afs/kth.se/home/t/m/tmatty/ros2_ws/src/KTH_DD2410_Assign5_2025-main/IROB25_mobile_robot_project/assign_5_IROB_pk/install/irob_interfaces/lib/python3.8/site-packages/irob_interfaces/srv/_get_goal.py
[8.935s] -- Installing: /afs/kth.se/home/t/m/tmatty/ros2_ws/src/KTH_DD2410_Assign5_2025-main/IROB25_mobile_robot_project/assign_5_IROB_pk/install/irob_interfaces/lib/python3.8/site-packages/irob_interfaces/srv/_get_goal_s.c
[8.939s] -- Installing: /afs/kth.se/home/t/m/tmatty/ros2_ws/src/KTH_DD2410_Assign5_2025-main/IROB25_mobile_robot_project/assign_5_IROB_pk/install/irob_interfaces/lib/python3.8/site-packages/irob_interfaces/srv/_activate.py
[8.942s] -- Installing: /afs/kth.se/home/t/m/tmatty/ros2_ws/src/KTH_DD2410_Assign5_2025-main/IROB25_mobile_robot_project/assign_5_IROB_pk/install/irob_interfaces/lib/python3.8/site-packages/irob_interfaces/srv/_activate_s.c
[8.944s] -- Installing: /afs/kth.se/home/t/m/tmatty/ros2_ws/src/KTH_DD2410_Assign5_2025-main/IROB25_mobile_robot_project/assign_5_IROB_pk/install/irob_interfaces/lib/python3.8/site-packages/irob_interfaces/srv/_deactivate.py
[8.947s] -- Installing: /afs/kth.se/home/t/m/tmatty/ros2_ws/src/KTH_DD2410_Assign5_2025-main/IROB25_mobile_robot_project/assign_5_IROB_pk/install/irob_interfaces/lib/python3.8/site-packages/irob_interfaces/srv/_deactivate_s.c
[8.950s] -- Installing: /afs/kth.se/home/t/m/tmatty/ros2_ws/src/KTH_DD2410_Assign5_2025-main/IROB25_mobile_robot_project/assign_5_IROB_pk/install/irob_interfaces/lib/python3.8/site-packages/irob_interfaces/srv/_at_goal.py
[8.953s] -- Installing: /afs/kth.se/home/t/m/tmatty/ros2_ws/src/KTH_DD2410_Assign5_2025-main/IROB25_mobile_robot_project/assign_5_IROB_pk/install/irob_interfaces/lib/python3.8/site-packages/irob_interfaces/srv/_at_goal_s.c
[8.956s] -- Installing: /afs/kth.se/home/t/m/tmatty/ros2_ws/src/KTH_DD2410_Assign5_2025-main/IROB25_mobile_robot_project/assign_5_IROB_pk/install/irob_interfaces/lib/python3.8/site-packages/irob_interfaces/srv/__init__.py
[8.959s] -- Installing: /afs/kth.se/home/t/m/tmatty/ros2_ws/src/KTH_DD2410_Assign5_2025-main/IROB25_mobile_robot_project/assign_5_IROB_pk/install/irob_interfaces/lib/python3.8/site-packages/irob_interfaces/irob_interfaces_s__rosidl_typesupport_fastrtps_c.cpython-38-x86_64-linux-gnu.so
[8.964s] -- Set runtime path of "/afs/kth.se/home/t/m/tmatty/ros2_ws/src/KTH_DD2410_Assign5_2025-main/IROB25_mobile_robot_project/assign_5_IROB_pk/install/irob_interfaces/lib/python3.8/site-packages/irob_interfaces/irob_interfaces_s__rosidl_typesupport_fastrtps_c.cpython-38-x86_64-linux-gnu.so" to ""
[8.965s] -- Installing: /afs/kth.se/home/t/m/tmatty/ros2_ws/src/KTH_DD2410_Assign5_2025-main/IROB25_mobile_robot_project/assign_5_IROB_pk/install/irob_interfaces/lib/python3.8/site-packages/irob_interfaces/irob_interfaces_s__rosidl_typesupport_introspection_c.cpython-38-x86_64-linux-gnu.so
[8.970s] -- Set runtime path of "/afs/kth.se/home/t/m/tmatty/ros2_ws/src/KTH_DD2410_Assign5_2025-main/IROB25_mobile_robot_project/assign_5_IROB_pk/install/irob_interfaces/lib/python3.8/site-packages/irob_interfaces/irob_interfaces_s__rosidl_typesupport_introspection_c.cpython-38-x86_64-linux-gnu.so" to ""
[8.970s] -- Installing: /afs/kth.se/home/t/m/tmatty/ros2_ws/src/KTH_DD2410_Assign5_2025-main/IROB25_mobile_robot_project/assign_5_IROB_pk/install/irob_interfaces/lib/python3.8/site-packages/irob_interfaces/irob_interfaces_s__rosidl_typesupport_c.cpython-38-x86_64-linux-gnu.so
[8.976s] -- Set runtime path of "/afs/kth.se/home/t/m/tmatty/ros2_ws/src/KTH_DD2410_Assign5_2025-main/IROB25_mobile_robot_project/assign_5_IROB_pk/install/irob_interfaces/lib/python3.8/site-packages/irob_interfaces/irob_interfaces_s__rosidl_typesupport_c.cpython-38-x86_64-linux-gnu.so" to ""
[8.976s] -- Installing: /afs/kth.se/home/t/m/tmatty/ros2_ws/src/KTH_DD2410_Assign5_2025-main/IROB25_mobile_robot_project/assign_5_IROB_pk/install/irob_interfaces/lib/libirob_interfaces__python.so
[8.982s] -- Set runtime path of "/afs/kth.se/home/t/m/tmatty/ros2_ws/src/KTH_DD2410_Assign5_2025-main/IROB25_mobile_robot_project/assign_5_IROB_pk/install/irob_interfaces/lib/libirob_interfaces__python.so" to ""
[8.983s] -- Installing: /afs/kth.se/home/t/m/tmatty/ros2_ws/src/KTH_DD2410_Assign5_2025-main/IROB25_mobile_robot_project/assign_5_IROB_pk/install/irob_interfaces/share/irob_interfaces/srv/GetGoal.idl
[8.986s] -- Installing: /afs/kth.se/home/t/m/tmatty/ros2_ws/src/KTH_DD2410_Assign5_2025-main/IROB25_mobile_robot_project/assign_5_IROB_pk/install/irob_interfaces/share/irob_interfaces/srv/Activate.idl
[8.988s] -- Installing: /afs/kth.se/home/t/m/tmatty/ros2_ws/src/KTH_DD2410_Assign5_2025-main/IROB25_mobile_robot_project/assign_5_IROB_pk/install/irob_interfaces/share/irob_interfaces/srv/Deactivate.idl
[8.990s] -- Installing: /afs/kth.se/home/t/m/tmatty/ros2_ws/src/KTH_DD2410_Assign5_2025-main/IROB25_mobile_robot_project/assign_5_IROB_pk/install/irob_interfaces/share/irob_interfaces/srv/AtGoal.idl
[8.993s] -- Installing: /afs/kth.se/home/t/m/tmatty/ros2_ws/src/KTH_DD2410_Assign5_2025-main/IROB25_mobile_robot_project/assign_5_IROB_pk/install/irob_interfaces/share/irob_interfaces/srv/GetGoal.srv
[8.995s] -- Installing: /afs/kth.se/home/t/m/tmatty/ros2_ws/src/KTH_DD2410_Assign5_2025-main/IROB25_mobile_robot_project/assign_5_IROB_pk/install/irob_interfaces/share/irob_interfaces/srv/GetGoal_Request.msg
[8.998s] -- Installing: /afs/kth.se/home/t/m/tmatty/ros2_ws/src/KTH_DD2410_Assign5_2025-main/IROB25_mobile_robot_project/assign_5_IROB_pk/install/irob_interfaces/share/irob_interfaces/srv/GetGoal_Response.msg
[9.000s] -- Installing: /afs/kth.se/home/t/m/tmatty/ros2_ws/src/KTH_DD2410_Assign5_2025-main/IROB25_mobile_robot_project/assign_5_IROB_pk/install/irob_interfaces/share/irob_interfaces/srv/Activate.srv
[9.002s] -- Installing: /afs/kth.se/home/t/m/tmatty/ros2_ws/src/KTH_DD2410_Assign5_2025-main/IROB25_mobile_robot_project/assign_5_IROB_pk/install/irob_interfaces/share/irob_interfaces/srv/Activate_Request.msg
[9.006s] -- Installing: /afs/kth.se/home/t/m/tmatty/ros2_ws/src/KTH_DD2410_Assign5_2025-main/IROB25_mobile_robot_project/assign_5_IROB_pk/install/irob_interfaces/share/irob_interfaces/srv/Activate_Response.msg
[9.008s] -- Installing: /afs/kth.se/home/t/m/tmatty/ros2_ws/src/KTH_DD2410_Assign5_2025-main/IROB25_mobile_robot_project/assign_5_IROB_pk/install/irob_interfaces/share/irob_interfaces/srv/Deactivate.srv
[9.011s] -- Installing: /afs/kth.se/home/t/m/tmatty/ros2_ws/src/KTH_DD2410_Assign5_2025-main/IROB25_mobile_robot_project/assign_5_IROB_pk/install/irob_interfaces/share/irob_interfaces/srv/Deactivate_Request.msg
[9.013s] -- Installing: /afs/kth.se/home/t/m/tmatty/ros2_ws/src/KTH_DD2410_Assign5_2025-main/IROB25_mobile_robot_project/assign_5_IROB_pk/install/irob_interfaces/share/irob_interfaces/srv/Deactivate_Response.msg
[9.015s] -- Installing: /afs/kth.se/home/t/m/tmatty/ros2_ws/src/KTH_DD2410_Assign5_2025-main/IROB25_mobile_robot_project/assign_5_IROB_pk/install/irob_interfaces/share/irob_interfaces/srv/AtGoal.srv
[9.018s] -- Installing: /afs/kth.se/home/t/m/tmatty/ros2_ws/src/KTH_DD2410_Assign5_2025-main/IROB25_mobile_robot_project/assign_5_IROB_pk/install/irob_interfaces/share/irob_interfaces/srv/AtGoal_Request.msg
[9.020s] -- Installing: /afs/kth.se/home/t/m/tmatty/ros2_ws/src/KTH_DD2410_Assign5_2025-main/IROB25_mobile_robot_project/assign_5_IROB_pk/install/irob_interfaces/share/irob_interfaces/srv/AtGoal_Response.msg
[9.024s] -- Installing: /afs/kth.se/home/t/m/tmatty/ros2_ws/src/KTH_DD2410_Assign5_2025-main/IROB25_mobile_robot_project/assign_5_IROB_pk/install/irob_interfaces/share/ament_index/resource_index/package_run_dependencies/irob_interfaces
[9.027s] -- Installing: /afs/kth.se/home/t/m/tmatty/ros2_ws/src/KTH_DD2410_Assign5_2025-main/IROB25_mobile_robot_project/assign_5_IROB_pk/install/irob_interfaces/share/ament_index/resource_index/parent_prefix_path/irob_interfaces
[9.030s] -- Installing: /afs/kth.se/home/t/m/tmatty/ros2_ws/src/KTH_DD2410_Assign5_2025-main/IROB25_mobile_robot_project/assign_5_IROB_pk/install/irob_interfaces/share/irob_interfaces/environment/ament_prefix_path.sh
[9.032s] -- Installing: /afs/kth.se/home/t/m/tmatty/ros2_ws/src/KTH_DD2410_Assign5_2025-main/IROB25_mobile_robot_project/assign_5_IROB_pk/install/irob_interfaces/share/irob_interfaces/environment/ament_prefix_path.dsv
[9.034s] -- Installing: /afs/kth.se/home/t/m/tmatty/ros2_ws/src/KTH_DD2410_Assign5_2025-main/IROB25_mobile_robot_project/assign_5_IROB_pk/install/irob_interfaces/share/irob_interfaces/environment/path.sh
[9.037s] -- Installing: /afs/kth.se/home/t/m/tmatty/ros2_ws/src/KTH_DD2410_Assign5_2025-main/IROB25_mobile_robot_project/assign_5_IROB_pk/install/irob_interfaces/share/irob_interfaces/environment/path.dsv
[9.039s] -- Installing: /afs/kth.se/home/t/m/tmatty/ros2_ws/src/KTH_DD2410_Assign5_2025-main/IROB25_mobile_robot_project/assign_5_IROB_pk/install/irob_interfaces/share/irob_interfaces/local_setup.bash
[9.042s] -- Installing: /afs/kth.se/home/t/m/tmatty/ros2_ws/src/KTH_DD2410_Assign5_2025-main/IROB25_mobile_robot_project/assign_5_IROB_pk/install/irob_interfaces/share/irob_interfaces/local_setup.sh
[9.044s] -- Installing: /afs/kth.se/home/t/m/tmatty/ros2_ws/src/KTH_DD2410_Assign5_2025-main/IROB25_mobile_robot_project/assign_5_IROB_pk/install/irob_interfaces/share/irob_interfaces/local_setup.zsh
[9.047s] -- Installing: /afs/kth.se/home/t/m/tmatty/ros2_ws/src/KTH_DD2410_Assign5_2025-main/IROB25_mobile_robot_project/assign_5_IROB_pk/install/irob_interfaces/share/irob_interfaces/local_setup.dsv
[9.049s] -- Installing: /afs/kth.se/home/t/m/tmatty/ros2_ws/src/KTH_DD2410_Assign5_2025-main/IROB25_mobile_robot_project/assign_5_IROB_pk/install/irob_interfaces/share/irob_interfaces/package.dsv
[9.053s] -- Installing: /afs/kth.se/home/t/m/tmatty/ros2_ws/src/KTH_DD2410_Assign5_2025-main/IROB25_mobile_robot_project/assign_5_IROB_pk/install/irob_interfaces/share/ament_index/resource_index/packages/irob_interfaces
[9.056s] -- Installing: /afs/kth.se/home/t/m/tmatty/ros2_ws/src/KTH_DD2410_Assign5_2025-main/IROB25_mobile_robot_project/assign_5_IROB_pk/install/irob_interfaces/share/irob_interfaces/cmake/irob_interfaces__rosidl_generator_cExport.cmake
[9.059s] -- Installing: /afs/kth.se/home/t/m/tmatty/ros2_ws/src/KTH_DD2410_Assign5_2025-main/IROB25_mobile_robot_project/assign_5_IROB_pk/install/irob_interfaces/share/irob_interfaces/cmake/irob_interfaces__rosidl_generator_cExport-noconfig.cmake
[9.061s] -- Installing: /afs/kth.se/home/t/m/tmatty/ros2_ws/src/KTH_DD2410_Assign5_2025-main/IROB25_mobile_robot_project/assign_5_IROB_pk/install/irob_interfaces/share/irob_interfaces/cmake/irob_interfaces__rosidl_typesupport_introspection_cExport.cmake
[9.064s] -- Installing: /afs/kth.se/home/t/m/tmatty/ros2_ws/src/KTH_DD2410_Assign5_2025-main/IROB25_mobile_robot_project/assign_5_IROB_pk/install/irob_interfaces/share/irob_interfaces/cmake/irob_interfaces__rosidl_typesupport_introspection_cExport-noconfig.cmake
[9.067s] -- Installing: /afs/kth.se/home/t/m/tmatty/ros2_ws/src/KTH_DD2410_Assign5_2025-main/IROB25_mobile_robot_project/assign_5_IROB_pk/install/irob_interfaces/share/irob_interfaces/cmake/irob_interfaces__rosidl_typesupport_cExport.cmake
[9.069s] -- Installing: /afs/kth.se/home/t/m/tmatty/ros2_ws/src/KTH_DD2410_Assign5_2025-main/IROB25_mobile_robot_project/assign_5_IROB_pk/install/irob_interfaces/share/irob_interfaces/cmake/irob_interfaces__rosidl_typesupport_cExport-noconfig.cmake
[9.072s] -- Installing: /afs/kth.se/home/t/m/tmatty/ros2_ws/src/KTH_DD2410_Assign5_2025-main/IROB25_mobile_robot_project/assign_5_IROB_pk/install/irob_interfaces/share/irob_interfaces/cmake/irob_interfaces__rosidl_generator_cppExport.cmake
[9.074s] -- Installing: /afs/kth.se/home/t/m/tmatty/ros2_ws/src/KTH_DD2410_Assign5_2025-main/IROB25_mobile_robot_project/assign_5_IROB_pk/install/irob_interfaces/share/irob_interfaces/cmake/irob_interfaces__rosidl_typesupport_introspection_cppExport.cmake
[9.077s] -- Installing: /afs/kth.se/home/t/m/tmatty/ros2_ws/src/KTH_DD2410_Assign5_2025-main/IROB25_mobile_robot_project/assign_5_IROB_pk/install/irob_interfaces/share/irob_interfaces/cmake/irob_interfaces__rosidl_typesupport_introspection_cppExport-noconfig.cmake
[9.080s] -- Installing: /afs/kth.se/home/t/m/tmatty/ros2_ws/src/KTH_DD2410_Assign5_2025-main/IROB25_mobile_robot_project/assign_5_IROB_pk/install/irob_interfaces/share/irob_interfaces/cmake/irob_interfaces__rosidl_typesupport_cppExport.cmake
[9.082s] -- Installing: /afs/kth.se/home/t/m/tmatty/ros2_ws/src/KTH_DD2410_Assign5_2025-main/IROB25_mobile_robot_project/assign_5_IROB_pk/install/irob_interfaces/share/irob_interfaces/cmake/irob_interfaces__rosidl_typesupport_cppExport-noconfig.cmake
[9.085s] -- Installing: /afs/kth.se/home/t/m/tmatty/ros2_ws/src/KTH_DD2410_Assign5_2025-main/IROB25_mobile_robot_project/assign_5_IROB_pk/install/irob_interfaces/share/irob_interfaces/cmake/rosidl_cmake-extras.cmake
[9.087s] -- Installing: /afs/kth.se/home/t/m/tmatty/ros2_ws/src/KTH_DD2410_Assign5_2025-main/IROB25_mobile_robot_project/assign_5_IROB_pk/install/irob_interfaces/share/irob_interfaces/cmake/ament_cmake_export_dependencies-extras.cmake
[9.090s] -- Installing: /afs/kth.se/home/t/m/tmatty/ros2_ws/src/KTH_DD2410_Assign5_2025-main/IROB25_mobile_robot_project/assign_5_IROB_pk/install/irob_interfaces/share/irob_interfaces/cmake/ament_cmake_export_libraries-extras.cmake
[9.092s] -- Installing: /afs/kth.se/home/t/m/tmatty/ros2_ws/src/KTH_DD2410_Assign5_2025-main/IROB25_mobile_robot_project/assign_5_IROB_pk/install/irob_interfaces/share/irob_interfaces/cmake/ament_cmake_export_targets-extras.cmake
[9.095s] -- Installing: /afs/kth.se/home/t/m/tmatty/ros2_ws/src/KTH_DD2410_Assign5_2025-main/IROB25_mobile_robot_project/assign_5_IROB_pk/install/irob_interfaces/share/irob_interfaces/cmake/ament_cmake_export_include_directories-extras.cmake
[9.097s] -- Installing: /afs/kth.se/home/t/m/tmatty/ros2_ws/src/KTH_DD2410_Assign5_2025-main/IROB25_mobile_robot_project/assign_5_IROB_pk/install/irob_interfaces/share/irob_interfaces/cmake/rosidl_cmake_export_typesupport_libraries-extras.cmake
[9.100s] -- Installing: /afs/kth.se/home/t/m/tmatty/ros2_ws/src/KTH_DD2410_Assign5_2025-main/IROB25_mobile_robot_project/assign_5_IROB_pk/install/irob_interfaces/share/irob_interfaces/cmake/rosidl_cmake_export_typesupport_targets-extras.cmake
[9.102s] -- Installing: /afs/kth.se/home/t/m/tmatty/ros2_ws/src/KTH_DD2410_Assign5_2025-main/IROB25_mobile_robot_project/assign_5_IROB_pk/install/irob_interfaces/share/irob_interfaces/cmake/irob_interfacesConfig.cmake
[9.105s] -- Installing: /afs/kth.se/home/t/m/tmatty/ros2_ws/src/KTH_DD2410_Assign5_2025-main/IROB25_mobile_robot_project/assign_5_IROB_pk/install/irob_interfaces/share/irob_interfaces/cmake/irob_interfacesConfig-version.cmake
[9.107s] -- Installing: /afs/kth.se/home/t/m/tmatty/ros2_ws/src/KTH_DD2410_Assign5_2025-main/IROB25_mobile_robot_project/assign_5_IROB_pk/install/irob_interfaces/share/irob_interfaces/package.xml
[9.114s] Invoked command in '/afs/kth.se/home/t/m/tmatty/ros2_ws/src/KTH_DD2410_Assign5_2025-main/IROB25_mobile_robot_project/assign_5_IROB_pk/build/irob_interfaces' returned '0': CMAKE_PREFIX_PATH=${CMAKE_PREFIX_PATH}:/home/t/m/tmatty/ros2_ws/install/irob_assignment_5:/afs/kth.se/home/t/m/tmatty/install/python_parameters:/afs/kth.se/home/t/m/tmatty/install/kinematics_assignment:/afs/kth.se/home/t/m/tmatty/install/irob_assignment_1:/opt/ros/foxy /usr/bin/cmake --install /afs/kth.se/home/t/m/tmatty/ros2_ws/src/KTH_DD2410_Assign5_2025-main/IROB25_mobile_robot_project/assign_5_IROB_pk/build/irob_interfaces
